{"D:\\Mystick\\Works\\OpenProject\\2023\\code\\javascript\\safer\\server\\services\\app\\app.js": {"path":"D:\\Mystick\\Works\\OpenProject\\2023\\code\\javascript\\safer\\server\\services\\app\\app.js","statementMap":{"0":{"start":{"line":1,"column":0},"end":{"line":1,"column":27}},"1":{"start":{"line":2,"column":16},"end":{"line":2,"column":34}},"2":{"start":{"line":3,"column":15},"end":{"line":3,"column":34}},"3":{"start":{"line":4,"column":12},"end":{"line":4,"column":21}},"4":{"start":{"line":5,"column":13},"end":{"line":5,"column":28}},"5":{"start":{"line":7,"column":21},"end":{"line":7,"column":57}},"6":{"start":{"line":9,"column":0},"end":{"line":9,"column":16}},"7":{"start":{"line":10,"column":0},"end":{"line":10,"column":24}},"8":{"start":{"line":11,"column":0},"end":{"line":11,"column":48}},"9":{"start":{"line":13,"column":0},"end":{"line":13,"column":16}},"10":{"start":{"line":14,"column":0},"end":{"line":14,"column":22}},"11":{"start":{"line":16,"column":0},"end":{"line":16,"column":21}}},"fnMap":{},"branchMap":{},"s":{"0":4,"1":4,"2":4,"3":4,"4":4,"5":4,"6":4,"7":4,"8":4,"9":4,"10":4,"11":4},"f":{},"b":{},"_coverageSchema":"1a1c01bbd47fc00a2c39e90264f33305004495a9","hash":"99e0575e5d7f0a0c70e159d50d901c7cba85caaa"}
,"D:\\Mystick\\Works\\OpenProject\\2023\\code\\javascript\\safer\\server\\services\\app\\controllers\\reportController.js": {"path":"D:\\Mystick\\Works\\OpenProject\\2023\\code\\javascript\\safer\\server\\services\\app\\controllers\\reportController.js","statementMap":{"0":{"start":{"line":1,"column":42},"end":{"line":1,"column":62}},"1":{"start":{"line":2,"column":20},"end":{"line":2,"column":50}},"2":{"start":{"line":6,"column":16},"end":{"line":6,"column":45}},"3":{"start":{"line":7,"column":4},"end":{"line":52,"column":5}},"4":{"start":{"line":17,"column":10},"end":{"line":17,"column":18}},"5":{"start":{"line":18,"column":21},"end":{"line":18,"column":32}},"6":{"start":{"line":20,"column":6},"end":{"line":20,"column":26}},"7":{"start":{"line":21,"column":6},"end":{"line":23,"column":7}},"8":{"start":{"line":22,"column":8},"end":{"line":22,"column":75}},"9":{"start":{"line":24,"column":24},"end":{"line":24,"column":52}},"10":{"start":{"line":25,"column":6},"end":{"line":27,"column":7}},"11":{"start":{"line":26,"column":8},"end":{"line":26,"column":36}},"12":{"start":{"line":29,"column":23},"end":{"line":29,"column":61}},"13":{"start":{"line":30,"column":24},"end":{"line":44,"column":7}},"14":{"start":{"line":46,"column":6},"end":{"line":46,"column":25}},"15":{"start":{"line":47,"column":6},"end":{"line":47,"column":29}},"16":{"start":{"line":48,"column":6},"end":{"line":48,"column":42}},"17":{"start":{"line":50,"column":6},"end":{"line":50,"column":16}},"18":{"start":{"line":51,"column":6},"end":{"line":51,"column":27}},"19":{"start":{"line":56,"column":4},"end":{"line":70,"column":5}},"20":{"start":{"line":57,"column":22},"end":{"line":64,"column":8}},"21":{"start":{"line":65,"column":6},"end":{"line":65,"column":36}},"22":{"start":{"line":66,"column":6},"end":{"line":66,"column":27}},"23":{"start":{"line":68,"column":6},"end":{"line":68,"column":23}},"24":{"start":{"line":69,"column":6},"end":{"line":69,"column":16}},"25":{"start":{"line":74,"column":4},"end":{"line":87,"column":5}},"26":{"start":{"line":75,"column":21},"end":{"line":75,"column":31}},"27":{"start":{"line":76,"column":21},"end":{"line":78,"column":8}},"28":{"start":{"line":79,"column":6},"end":{"line":83,"column":7}},"29":{"start":{"line":80,"column":8},"end":{"line":80,"column":36}},"30":{"start":{"line":82,"column":8},"end":{"line":82,"column":41}},"31":{"start":{"line":85,"column":6},"end":{"line":85,"column":23}},"32":{"start":{"line":86,"column":6},"end":{"line":86,"column":16}},"33":{"start":{"line":91,"column":0},"end":{"line":91,"column":34}}},"fnMap":{"0":{"name":"(anonymous_0)","decl":{"start":{"line":5,"column":2},"end":{"line":5,"column":3}},"loc":{"start":{"line":5,"column":42},"end":{"line":53,"column":3}},"line":5},"1":{"name":"(anonymous_1)","decl":{"start":{"line":55,"column":2},"end":{"line":55,"column":3}},"loc":{"start":{"line":55,"column":45},"end":{"line":71,"column":3}},"line":55},"2":{"name":"(anonymous_2)","decl":{"start":{"line":73,"column":2},"end":{"line":73,"column":3}},"loc":{"start":{"line":73,"column":45},"end":{"line":88,"column":3}},"line":73}},"branchMap":{"0":{"loc":{"start":{"line":21,"column":6},"end":{"line":23,"column":7}},"type":"if","locations":[{"start":{"line":21,"column":6},"end":{"line":23,"column":7}},{"start":{},"end":{}}],"line":21},"1":{"loc":{"start":{"line":21,"column":10},"end":{"line":21,"column":57}},"type":"binary-expr","locations":[{"start":{"line":21,"column":10},"end":{"line":21,"column":30}},{"start":{"line":21,"column":34},"end":{"line":21,"column":43}},{"start":{"line":21,"column":47},"end":{"line":21,"column":57}}],"line":21},"2":{"loc":{"start":{"line":25,"column":6},"end":{"line":27,"column":7}},"type":"if","locations":[{"start":{"line":25,"column":6},"end":{"line":27,"column":7}},{"start":{},"end":{}}],"line":25},"3":{"loc":{"start":{"line":79,"column":6},"end":{"line":83,"column":7}},"type":"if","locations":[{"start":{"line":79,"column":6},"end":{"line":83,"column":7}},{"start":{"line":81,"column":13},"end":{"line":83,"column":7}}],"line":79}},"s":{"0":4,"1":4,"2":7,"3":7,"4":7,"5":7,"6":7,"7":7,"8":3,"9":4,"10":4,"11":1,"12":3,"13":3,"14":1,"15":1,"16":1,"17":6,"18":6,"19":1,"20":1,"21":1,"22":1,"23":0,"24":0,"25":2,"26":2,"27":2,"28":2,"29":1,"30":1,"31":1,"32":1,"33":4},"f":{"0":7,"1":1,"2":2},"b":{"0":[3,4],"1":[7,6,5],"2":[1,3],"3":[1,1]},"_coverageSchema":"1a1c01bbd47fc00a2c39e90264f33305004495a9","hash":"923c1499a9872697a4ca113566d2955f3123d6a5"}
,"D:\\Mystick\\Works\\OpenProject\\2023\\code\\javascript\\safer\\server\\services\\app\\controllers\\typeController.js": {"path":"D:\\Mystick\\Works\\OpenProject\\2023\\code\\javascript\\safer\\server\\services\\app\\controllers\\typeController.js","statementMap":{"0":{"start":{"line":1,"column":28},"end":{"line":1,"column":48}},"1":{"start":{"line":5,"column":4},"end":{"line":19,"column":5}},"2":{"start":{"line":6,"column":41},"end":{"line":6,"column":49}},"3":{"start":{"line":7,"column":6},"end":{"line":16,"column":7}},"4":{"start":{"line":8,"column":8},"end":{"line":10,"column":9}},"5":{"start":{"line":9,"column":10},"end":{"line":9,"column":41}},"6":{"start":{"line":11,"column":24},"end":{"line":11,"column":51}},"7":{"start":{"line":12,"column":8},"end":{"line":12,"column":38}},"8":{"start":{"line":14,"column":8},"end":{"line":14,"column":25}},"9":{"start":{"line":15,"column":8},"end":{"line":15,"column":18}},"10":{"start":{"line":18,"column":6},"end":{"line":18,"column":16}},"11":{"start":{"line":23,"column":4},"end":{"line":30,"column":5}},"12":{"start":{"line":24,"column":20},"end":{"line":26,"column":8}},"13":{"start":{"line":27,"column":6},"end":{"line":27,"column":34}},"14":{"start":{"line":29,"column":6},"end":{"line":29,"column":16}},"15":{"start":{"line":34,"column":0},"end":{"line":34,"column":32}}},"fnMap":{"0":{"name":"(anonymous_0)","decl":{"start":{"line":4,"column":2},"end":{"line":4,"column":3}},"loc":{"start":{"line":4,"column":40},"end":{"line":20,"column":3}},"line":4},"1":{"name":"(anonymous_1)","decl":{"start":{"line":22,"column":2},"end":{"line":22,"column":3}},"loc":{"start":{"line":22,"column":43},"end":{"line":31,"column":3}},"line":22}},"branchMap":{"0":{"loc":{"start":{"line":8,"column":8},"end":{"line":10,"column":9}},"type":"if","locations":[{"start":{"line":8,"column":8},"end":{"line":10,"column":9}},{"start":{},"end":{}}],"line":8},"1":{"loc":{"start":{"line":8,"column":12},"end":{"line":8,"column":61}},"type":"binary-expr","locations":[{"start":{"line":8,"column":12},"end":{"line":8,"column":40}},{"start":{"line":8,"column":44},"end":{"line":8,"column":61}}],"line":8}},"s":{"0":4,"1":6,"2":6,"3":6,"4":6,"5":2,"6":4,"7":1,"8":5,"9":5,"10":0,"11":1,"12":1,"13":1,"14":0,"15":4},"f":{"0":6,"1":1},"b":{"0":[2,4],"1":[6,4]},"_coverageSchema":"1a1c01bbd47fc00a2c39e90264f33305004495a9","hash":"f449e1ace338b99555cae3e30788ad7e7ca389cc"}
,"D:\\Mystick\\Works\\OpenProject\\2023\\code\\javascript\\safer\\server\\services\\app\\controllers\\userController.js": {"path":"D:\\Mystick\\Works\\OpenProject\\2023\\code\\javascript\\safer\\server\\services\\app\\controllers\\userController.js","statementMap":{"0":{"start":{"line":1,"column":28},"end":{"line":1,"column":48}},"1":{"start":{"line":2,"column":22},"end":{"line":2,"column":47}},"2":{"start":{"line":3,"column":28},"end":{"line":3,"column":56}},"3":{"start":{"line":7,"column":68},"end":{"line":7,"column":76}},"4":{"start":{"line":8,"column":16},"end":{"line":8,"column":45}},"5":{"start":{"line":9,"column":4},"end":{"line":29,"column":5}},"6":{"start":{"line":10,"column":22},"end":{"line":20,"column":7}},"7":{"start":{"line":21,"column":6},"end":{"line":23,"column":7}},"8":{"start":{"line":22,"column":8},"end":{"line":22,"column":36}},"9":{"start":{"line":24,"column":6},"end":{"line":24,"column":25}},"10":{"start":{"line":25,"column":6},"end":{"line":25,"column":69}},"11":{"start":{"line":27,"column":6},"end":{"line":27,"column":27}},"12":{"start":{"line":28,"column":6},"end":{"line":28,"column":16}},"13":{"start":{"line":33,"column":4},"end":{"line":68,"column":5}},"14":{"start":{"line":34,"column":34},"end":{"line":34,"column":42}},"15":{"start":{"line":35,"column":6},"end":{"line":37,"column":7}},"16":{"start":{"line":36,"column":8},"end":{"line":36,"column":40}},"17":{"start":{"line":39,"column":19},"end":{"line":43,"column":8}},"18":{"start":{"line":44,"column":6},"end":{"line":46,"column":7}},"19":{"start":{"line":45,"column":8},"end":{"line":45,"column":40}},"20":{"start":{"line":48,"column":30},"end":{"line":48,"column":70}},"21":{"start":{"line":49,"column":6},"end":{"line":51,"column":7}},"22":{"start":{"line":50,"column":8},"end":{"line":50,"column":40}},"23":{"start":{"line":54,"column":26},"end":{"line":57,"column":8}},"24":{"start":{"line":58,"column":6},"end":{"line":58,"column":31}},"25":{"start":{"line":59,"column":6},"end":{"line":64,"column":9}},"26":{"start":{"line":66,"column":6},"end":{"line":66,"column":23}},"27":{"start":{"line":67,"column":6},"end":{"line":67,"column":16}},"28":{"start":{"line":72,"column":4},"end":{"line":87,"column":5}},"29":{"start":{"line":73,"column":21},"end":{"line":73,"column":31}},"30":{"start":{"line":74,"column":6},"end":{"line":76,"column":7}},"31":{"start":{"line":75,"column":8},"end":{"line":75,"column":39}},"32":{"start":{"line":77,"column":19},"end":{"line":79,"column":8}},"33":{"start":{"line":80,"column":6},"end":{"line":82,"column":7}},"34":{"start":{"line":81,"column":8},"end":{"line":81,"column":36}},"35":{"start":{"line":83,"column":6},"end":{"line":83,"column":37}},"36":{"start":{"line":85,"column":6},"end":{"line":85,"column":23}},"37":{"start":{"line":86,"column":6},"end":{"line":86,"column":16}},"38":{"start":{"line":91,"column":0},"end":{"line":91,"column":32}}},"fnMap":{"0":{"name":"(anonymous_0)","decl":{"start":{"line":6,"column":2},"end":{"line":6,"column":3}},"loc":{"start":{"line":6,"column":44},"end":{"line":30,"column":3}},"line":6},"1":{"name":"(anonymous_1)","decl":{"start":{"line":32,"column":2},"end":{"line":32,"column":3}},"loc":{"start":{"line":32,"column":41},"end":{"line":69,"column":3}},"line":32},"2":{"name":"(anonymous_2)","decl":{"start":{"line":71,"column":2},"end":{"line":71,"column":3}},"loc":{"start":{"line":71,"column":43},"end":{"line":88,"column":3}},"line":71}},"branchMap":{"0":{"loc":{"start":{"line":21,"column":6},"end":{"line":23,"column":7}},"type":"if","locations":[{"start":{"line":21,"column":6},"end":{"line":23,"column":7}},{"start":{},"end":{}}],"line":21},"1":{"loc":{"start":{"line":21,"column":10},"end":{"line":21,"column":50}},"type":"binary-expr","locations":[{"start":{"line":21,"column":10},"end":{"line":21,"column":27}},{"start":{"line":21,"column":31},"end":{"line":21,"column":50}}],"line":21},"2":{"loc":{"start":{"line":35,"column":6},"end":{"line":37,"column":7}},"type":"if","locations":[{"start":{"line":35,"column":6},"end":{"line":37,"column":7}},{"start":{},"end":{}}],"line":35},"3":{"loc":{"start":{"line":35,"column":10},"end":{"line":35,"column":29}},"type":"binary-expr","locations":[{"start":{"line":35,"column":10},"end":{"line":35,"column":16}},{"start":{"line":35,"column":20},"end":{"line":35,"column":29}}],"line":35},"4":{"loc":{"start":{"line":44,"column":6},"end":{"line":46,"column":7}},"type":"if","locations":[{"start":{"line":44,"column":6},"end":{"line":46,"column":7}},{"start":{},"end":{}}],"line":44},"5":{"loc":{"start":{"line":49,"column":6},"end":{"line":51,"column":7}},"type":"if","locations":[{"start":{"line":49,"column":6},"end":{"line":51,"column":7}},{"start":{},"end":{}}],"line":49},"6":{"loc":{"start":{"line":74,"column":6},"end":{"line":76,"column":7}},"type":"if","locations":[{"start":{"line":74,"column":6},"end":{"line":76,"column":7}},{"start":{},"end":{}}],"line":74},"7":{"loc":{"start":{"line":80,"column":6},"end":{"line":82,"column":7}},"type":"if","locations":[{"start":{"line":80,"column":6},"end":{"line":82,"column":7}},{"start":{},"end":{}}],"line":80}},"s":{"0":4,"1":4,"2":4,"3":11,"4":11,"5":11,"6":11,"7":2,"8":1,"9":1,"10":1,"11":10,"12":10,"13":3,"14":3,"15":3,"16":0,"17":3,"18":3,"19":1,"20":2,"21":2,"22":1,"23":1,"24":1,"25":1,"26":2,"27":2,"28":2,"29":2,"30":2,"31":1,"32":1,"33":1,"34":0,"35":1,"36":1,"37":1,"38":4},"f":{"0":11,"1":3,"2":2},"b":{"0":[1,1],"1":[2,1],"2":[0,3],"3":[3,3],"4":[1,2],"5":[1,1],"6":[1,1],"7":[0,1]},"_coverageSchema":"1a1c01bbd47fc00a2c39e90264f33305004495a9","hash":"a3642ad50e62cc3f16736a47e1a3add37555ad42"}
,"D:\\Mystick\\Works\\OpenProject\\2023\\code\\javascript\\safer\\server\\services\\app\\controllers\\voteController.js": {"path":"D:\\Mystick\\Works\\OpenProject\\2023\\code\\javascript\\safer\\server\\services\\app\\controllers\\voteController.js","statementMap":{"0":{"start":{"line":1,"column":42},"end":{"line":1,"column":62}},"1":{"start":{"line":5,"column":4},"end":{"line":16,"column":5}},"2":{"start":{"line":6,"column":21},"end":{"line":12,"column":8}},"3":{"start":{"line":13,"column":6},"end":{"line":13,"column":39}},"4":{"start":{"line":15,"column":6},"end":{"line":15,"column":16}},"5":{"start":{"line":20,"column":4},"end":{"line":33,"column":5}},"6":{"start":{"line":21,"column":21},"end":{"line":21,"column":31}},"7":{"start":{"line":23,"column":19},"end":{"line":25,"column":8}},"8":{"start":{"line":26,"column":6},"end":{"line":30,"column":7}},"9":{"start":{"line":27,"column":8},"end":{"line":27,"column":36}},"10":{"start":{"line":29,"column":8},"end":{"line":29,"column":39}},"11":{"start":{"line":32,"column":6},"end":{"line":32,"column":16}},"12":{"start":{"line":37,"column":4},"end":{"line":102,"column":5}},"13":{"start":{"line":38,"column":51},"end":{"line":38,"column":59}},"14":{"start":{"line":39,"column":21},"end":{"line":39,"column":32}},"15":{"start":{"line":41,"column":6},"end":{"line":43,"column":7}},"16":{"start":{"line":42,"column":8},"end":{"line":42,"column":47}},"17":{"start":{"line":45,"column":6},"end":{"line":47,"column":7}},"18":{"start":{"line":46,"column":8},"end":{"line":46,"column":57}},"19":{"start":{"line":49,"column":21},"end":{"line":49,"column":53}},"20":{"start":{"line":50,"column":6},"end":{"line":52,"column":7}},"21":{"start":{"line":51,"column":8},"end":{"line":51,"column":36}},"22":{"start":{"line":54,"column":32},"end":{"line":54,"column":64}},"23":{"start":{"line":55,"column":6},"end":{"line":59,"column":7}},"24":{"start":{"line":56,"column":8},"end":{"line":58,"column":10}},"25":{"start":{"line":61,"column":31},"end":{"line":63,"column":8}},"26":{"start":{"line":66,"column":6},"end":{"line":70,"column":7}},"27":{"start":{"line":67,"column":8},"end":{"line":69,"column":10}},"28":{"start":{"line":72,"column":22},"end":{"line":78,"column":8}},"29":{"start":{"line":80,"column":27},"end":{"line":82,"column":8}},"30":{"start":{"line":85,"column":6},"end":{"line":96,"column":7}},"31":{"start":{"line":86,"column":8},"end":{"line":95,"column":10}},"32":{"start":{"line":98,"column":6},"end":{"line":98,"column":40}},"33":{"start":{"line":100,"column":6},"end":{"line":100,"column":23}},"34":{"start":{"line":101,"column":6},"end":{"line":101,"column":16}},"35":{"start":{"line":106,"column":19},"end":{"line":106,"column":29}},"36":{"start":{"line":107,"column":49},"end":{"line":107,"column":57}},"37":{"start":{"line":108,"column":16},"end":{"line":108,"column":45}},"38":{"start":{"line":110,"column":4},"end":{"line":170,"column":5}},"39":{"start":{"line":111,"column":6},"end":{"line":113,"column":7}},"40":{"start":{"line":112,"column":8},"end":{"line":112,"column":57}},"41":{"start":{"line":114,"column":6},"end":{"line":116,"column":7}},"42":{"start":{"line":115,"column":8},"end":{"line":115,"column":47}},"43":{"start":{"line":118,"column":19},"end":{"line":130,"column":7}},"44":{"start":{"line":132,"column":21},"end":{"line":132,"column":53}},"45":{"start":{"line":133,"column":6},"end":{"line":135,"column":7}},"46":{"start":{"line":134,"column":8},"end":{"line":134,"column":36}},"47":{"start":{"line":137,"column":32},"end":{"line":137,"column":38}},"48":{"start":{"line":138,"column":6},"end":{"line":142,"column":7}},"49":{"start":{"line":139,"column":8},"end":{"line":141,"column":10}},"50":{"start":{"line":144,"column":27},"end":{"line":146,"column":8}},"51":{"start":{"line":148,"column":6},"end":{"line":159,"column":7}},"52":{"start":{"line":149,"column":8},"end":{"line":158,"column":10}},"53":{"start":{"line":161,"column":6},"end":{"line":161,"column":25}},"54":{"start":{"line":162,"column":6},"end":{"line":166,"column":7}},"55":{"start":{"line":163,"column":8},"end":{"line":163,"column":36}},"56":{"start":{"line":165,"column":8},"end":{"line":165,"column":71}},"57":{"start":{"line":168,"column":6},"end":{"line":168,"column":27}},"58":{"start":{"line":169,"column":6},"end":{"line":169,"column":16}},"59":{"start":{"line":174,"column":4},"end":{"line":189,"column":5}},"60":{"start":{"line":175,"column":21},"end":{"line":175,"column":31}},"61":{"start":{"line":176,"column":27},"end":{"line":181,"column":8}},"62":{"start":{"line":182,"column":6},"end":{"line":186,"column":7}},"63":{"start":{"line":183,"column":8},"end":{"line":183,"column":36}},"64":{"start":{"line":185,"column":8},"end":{"line":185,"column":43}},"65":{"start":{"line":188,"column":6},"end":{"line":188,"column":16}},"66":{"start":{"line":193,"column":0},"end":{"line":193,"column":32}}},"fnMap":{"0":{"name":"(anonymous_0)","decl":{"start":{"line":4,"column":2},"end":{"line":4,"column":3}},"loc":{"start":{"line":4,"column":40},"end":{"line":17,"column":3}},"line":4},"1":{"name":"(anonymous_1)","decl":{"start":{"line":19,"column":2},"end":{"line":19,"column":3}},"loc":{"start":{"line":19,"column":43},"end":{"line":34,"column":3}},"line":19},"2":{"name":"(anonymous_2)","decl":{"start":{"line":36,"column":2},"end":{"line":36,"column":3}},"loc":{"start":{"line":36,"column":40},"end":{"line":103,"column":3}},"line":36},"3":{"name":"(anonymous_3)","decl":{"start":{"line":105,"column":2},"end":{"line":105,"column":3}},"loc":{"start":{"line":105,"column":46},"end":{"line":171,"column":3}},"line":105},"4":{"name":"(anonymous_4)","decl":{"start":{"line":173,"column":2},"end":{"line":173,"column":3}},"loc":{"start":{"line":173,"column":49},"end":{"line":190,"column":3}},"line":173}},"branchMap":{"0":{"loc":{"start":{"line":26,"column":6},"end":{"line":30,"column":7}},"type":"if","locations":[{"start":{"line":26,"column":6},"end":{"line":30,"column":7}},{"start":{"line":28,"column":13},"end":{"line":30,"column":7}}],"line":26},"1":{"loc":{"start":{"line":41,"column":6},"end":{"line":43,"column":7}},"type":"if","locations":[{"start":{"line":41,"column":6},"end":{"line":43,"column":7}},{"start":{},"end":{}}],"line":41},"2":{"loc":{"start":{"line":45,"column":6},"end":{"line":47,"column":7}},"type":"if","locations":[{"start":{"line":45,"column":6},"end":{"line":47,"column":7}},{"start":{},"end":{}}],"line":45},"3":{"loc":{"start":{"line":45,"column":10},"end":{"line":45,"column":51}},"type":"binary-expr","locations":[{"start":{"line":45,"column":10},"end":{"line":45,"column":27}},{"start":{"line":45,"column":31},"end":{"line":45,"column":51}}],"line":45},"4":{"loc":{"start":{"line":50,"column":6},"end":{"line":52,"column":7}},"type":"if","locations":[{"start":{"line":50,"column":6},"end":{"line":52,"column":7}},{"start":{},"end":{}}],"line":50},"5":{"loc":{"start":{"line":55,"column":6},"end":{"line":59,"column":7}},"type":"if","locations":[{"start":{"line":55,"column":6},"end":{"line":59,"column":7}},{"start":{},"end":{}}],"line":55},"6":{"loc":{"start":{"line":66,"column":6},"end":{"line":70,"column":7}},"type":"if","locations":[{"start":{"line":66,"column":6},"end":{"line":70,"column":7}},{"start":{},"end":{}}],"line":66},"7":{"loc":{"start":{"line":85,"column":6},"end":{"line":96,"column":7}},"type":"if","locations":[{"start":{"line":85,"column":6},"end":{"line":96,"column":7}},{"start":{},"end":{}}],"line":85},"8":{"loc":{"start":{"line":111,"column":6},"end":{"line":113,"column":7}},"type":"if","locations":[{"start":{"line":111,"column":6},"end":{"line":113,"column":7}},{"start":{},"end":{}}],"line":111},"9":{"loc":{"start":{"line":111,"column":10},"end":{"line":111,"column":51}},"type":"binary-expr","locations":[{"start":{"line":111,"column":10},"end":{"line":111,"column":27}},{"start":{"line":111,"column":31},"end":{"line":111,"column":51}}],"line":111},"10":{"loc":{"start":{"line":114,"column":6},"end":{"line":116,"column":7}},"type":"if","locations":[{"start":{"line":114,"column":6},"end":{"line":116,"column":7}},{"start":{},"end":{}}],"line":114},"11":{"loc":{"start":{"line":133,"column":6},"end":{"line":135,"column":7}},"type":"if","locations":[{"start":{"line":133,"column":6},"end":{"line":135,"column":7}},{"start":{},"end":{}}],"line":133},"12":{"loc":{"start":{"line":138,"column":6},"end":{"line":142,"column":7}},"type":"if","locations":[{"start":{"line":138,"column":6},"end":{"line":142,"column":7}},{"start":{},"end":{}}],"line":138},"13":{"loc":{"start":{"line":148,"column":6},"end":{"line":159,"column":7}},"type":"if","locations":[{"start":{"line":148,"column":6},"end":{"line":159,"column":7}},{"start":{},"end":{}}],"line":148},"14":{"loc":{"start":{"line":162,"column":6},"end":{"line":166,"column":7}},"type":"if","locations":[{"start":{"line":162,"column":6},"end":{"line":166,"column":7}},{"start":{"line":164,"column":13},"end":{"line":166,"column":7}}],"line":162},"15":{"loc":{"start":{"line":182,"column":6},"end":{"line":186,"column":7}},"type":"if","locations":[{"start":{"line":182,"column":6},"end":{"line":186,"column":7}},{"start":{"line":184,"column":13},"end":{"line":186,"column":7}}],"line":182}},"s":{"0":4,"1":1,"2":1,"3":1,"4":0,"5":1,"6":1,"7":1,"8":1,"9":0,"10":1,"11":0,"12":8,"13":8,"14":8,"15":8,"16":0,"17":8,"18":1,"19":7,"20":7,"21":2,"22":5,"23":5,"24":1,"25":4,"26":4,"27":2,"28":2,"29":1,"30":1,"31":0,"32":1,"33":7,"34":7,"35":5,"36":5,"37":5,"38":5,"39":5,"40":1,"41":4,"42":1,"43":3,"44":2,"45":2,"46":1,"47":1,"48":1,"49":0,"50":1,"51":1,"52":0,"53":1,"54":1,"55":0,"56":1,"57":4,"58":4,"59":0,"60":0,"61":0,"62":0,"63":0,"64":0,"65":0,"66":4},"f":{"0":1,"1":1,"2":8,"3":5,"4":0},"b":{"0":[0,1],"1":[0,8],"2":[1,7],"3":[8,1],"4":[2,5],"5":[1,4],"6":[2,2],"7":[0,1],"8":[1,4],"9":[5,1],"10":[1,3],"11":[1,1],"12":[0,1],"13":[0,1],"14":[0,1],"15":[0,0]},"_coverageSchema":"1a1c01bbd47fc00a2c39e90264f33305004495a9","hash":"56c7a27a0cc07b3cc80abd2564222fead1f7ec7a"}
,"D:\\Mystick\\Works\\OpenProject\\2023\\code\\javascript\\safer\\server\\services\\app\\helpers\\bcrypt.js": {"path":"D:\\Mystick\\Works\\OpenProject\\2023\\code\\javascript\\safer\\server\\services\\app\\helpers\\bcrypt.js","statementMap":{"0":{"start":{"line":1,"column":16},"end":{"line":1,"column":35}},"1":{"start":{"line":2,"column":13},"end":{"line":2,"column":36}},"2":{"start":{"line":4,"column":21},"end":{"line":6,"column":1}},"3":{"start":{"line":5,"column":2},"end":{"line":5,"column":47}},"4":{"start":{"line":8,"column":24},"end":{"line":10,"column":1}},"5":{"start":{"line":9,"column":2},"end":{"line":9,"column":60}},"6":{"start":{"line":12,"column":0},"end":{"line":12,"column":51}}},"fnMap":{"0":{"name":"(anonymous_0)","decl":{"start":{"line":4,"column":21},"end":{"line":4,"column":22}},"loc":{"start":{"line":4,"column":40},"end":{"line":6,"column":1}},"line":4},"1":{"name":"(anonymous_1)","decl":{"start":{"line":8,"column":24},"end":{"line":8,"column":25}},"loc":{"start":{"line":8,"column":59},"end":{"line":10,"column":1}},"line":8}},"branchMap":{},"s":{"0":4,"1":4,"2":4,"3":8,"4":4,"5":2,"6":4},"f":{"0":8,"1":2},"b":{},"_coverageSchema":"1a1c01bbd47fc00a2c39e90264f33305004495a9","hash":"d02c76a0fbfdd05ebbffb5840cdda51b4ee62066"}
,"D:\\Mystick\\Works\\OpenProject\\2023\\code\\javascript\\safer\\server\\services\\app\\helpers\\geocoder.js": {"path":"D:\\Mystick\\Works\\OpenProject\\2023\\code\\javascript\\safer\\server\\services\\app\\helpers\\geocoder.js","statementMap":{"0":{"start":{"line":1,"column":14},"end":{"line":1,"column":30}},"1":{"start":{"line":3,"column":20},"end":{"line":22,"column":1}},"2":{"start":{"line":4,"column":17},"end":{"line":4,"column":43}},"3":{"start":{"line":7,"column":2},"end":{"line":21,"column":3}},"4":{"start":{"line":8,"column":19},"end":{"line":16,"column":5}},"5":{"start":{"line":18,"column":4},"end":{"line":18,"column":53}},"6":{"start":{"line":20,"column":4},"end":{"line":20,"column":21}},"7":{"start":{"line":24,"column":0},"end":{"line":24,"column":29}}},"fnMap":{"0":{"name":"(anonymous_0)","decl":{"start":{"line":3,"column":20},"end":{"line":3,"column":21}},"loc":{"start":{"line":3,"column":41},"end":{"line":22,"column":1}},"line":3}},"branchMap":{},"s":{"0":4,"1":4,"2":3,"3":3,"4":3,"5":0,"6":3,"7":4},"f":{"0":3},"b":{},"_coverageSchema":"1a1c01bbd47fc00a2c39e90264f33305004495a9","hash":"828970ec59d77d3bcc1f6305c33cd502447e1210"}
,"D:\\Mystick\\Works\\OpenProject\\2023\\code\\javascript\\safer\\server\\services\\app\\helpers\\jwt.js": {"path":"D:\\Mystick\\Works\\OpenProject\\2023\\code\\javascript\\safer\\server\\services\\app\\helpers\\jwt.js","statementMap":{"0":{"start":{"line":1,"column":12},"end":{"line":1,"column":35}},"1":{"start":{"line":2,"column":15},"end":{"line":2,"column":58}},"2":{"start":{"line":4,"column":18},"end":{"line":6,"column":1}},"3":{"start":{"line":5,"column":2},"end":{"line":5,"column":35}},"4":{"start":{"line":8,"column":20},"end":{"line":10,"column":1}},"5":{"start":{"line":9,"column":2},"end":{"line":9,"column":35}},"6":{"start":{"line":12,"column":0},"end":{"line":12,"column":44}}},"fnMap":{"0":{"name":"(anonymous_0)","decl":{"start":{"line":4,"column":18},"end":{"line":4,"column":19}},"loc":{"start":{"line":4,"column":31},"end":{"line":6,"column":1}},"line":4},"1":{"name":"(anonymous_1)","decl":{"start":{"line":8,"column":20},"end":{"line":8,"column":21}},"loc":{"start":{"line":8,"column":31},"end":{"line":10,"column":1}},"line":8}},"branchMap":{"0":{"loc":{"start":{"line":2,"column":15},"end":{"line":2,"column":58}},"type":"binary-expr","locations":[{"start":{"line":2,"column":15},"end":{"line":2,"column":41}},{"start":{"line":2,"column":45},"end":{"line":2,"column":58}}],"line":2}},"s":{"0":4,"1":4,"2":4,"3":4,"4":4,"5":32,"6":4},"f":{"0":4,"1":32},"b":{"0":[4,0]},"_coverageSchema":"1a1c01bbd47fc00a2c39e90264f33305004495a9","hash":"fa965800b014696d92d91d7b485aaaa02addad18"}
,"D:\\Mystick\\Works\\OpenProject\\2023\\code\\javascript\\safer\\server\\services\\app\\middleware\\authentication.js": {"path":"D:\\Mystick\\Works\\OpenProject\\2023\\code\\javascript\\safer\\server\\services\\app\\middleware\\authentication.js","statementMap":{"0":{"start":{"line":1,"column":24},"end":{"line":1,"column":49}},"1":{"start":{"line":2,"column":17},"end":{"line":2,"column":37}},"2":{"start":{"line":4,"column":23},"end":{"line":32,"column":1}},"3":{"start":{"line":5,"column":2},"end":{"line":31,"column":3}},"4":{"start":{"line":6,"column":29},"end":{"line":6,"column":40}},"5":{"start":{"line":8,"column":4},"end":{"line":10,"column":5}},"6":{"start":{"line":9,"column":6},"end":{"line":9,"column":40}},"7":{"start":{"line":11,"column":20},"end":{"line":11,"column":45}},"8":{"start":{"line":12,"column":21},"end":{"line":17,"column":6}},"9":{"start":{"line":18,"column":4},"end":{"line":20,"column":5}},"10":{"start":{"line":19,"column":6},"end":{"line":19,"column":40}},"11":{"start":{"line":21,"column":4},"end":{"line":24,"column":6}},"12":{"start":{"line":26,"column":4},"end":{"line":26,"column":11}},"13":{"start":{"line":28,"column":4},"end":{"line":28,"column":21}},"14":{"start":{"line":29,"column":4},"end":{"line":29,"column":33}},"15":{"start":{"line":30,"column":4},"end":{"line":30,"column":14}},"16":{"start":{"line":34,"column":0},"end":{"line":34,"column":32}}},"fnMap":{"0":{"name":"(anonymous_0)","decl":{"start":{"line":4,"column":23},"end":{"line":4,"column":24}},"loc":{"start":{"line":4,"column":55},"end":{"line":32,"column":1}},"line":4}},"branchMap":{"0":{"loc":{"start":{"line":8,"column":4},"end":{"line":10,"column":5}},"type":"if","locations":[{"start":{"line":8,"column":4},"end":{"line":10,"column":5}},{"start":{},"end":{}}],"line":8},"1":{"loc":{"start":{"line":18,"column":4},"end":{"line":20,"column":5}},"type":"if","locations":[{"start":{"line":18,"column":4},"end":{"line":20,"column":5}},{"start":{},"end":{}}],"line":18}},"s":{"0":4,"1":4,"2":4,"3":38,"4":38,"5":38,"6":6,"7":32,"8":28,"9":28,"10":0,"11":28,"12":28,"13":10,"14":10,"15":10,"16":4},"f":{"0":38},"b":{"0":[6,32],"1":[0,28]},"_coverageSchema":"1a1c01bbd47fc00a2c39e90264f33305004495a9","hash":"e80b264351ac6652b3e16ed8ba144f53c577fde4"}
,"D:\\Mystick\\Works\\OpenProject\\2023\\code\\javascript\\safer\\server\\services\\app\\middleware\\authorization.js": {"path":"D:\\Mystick\\Works\\OpenProject\\2023\\code\\javascript\\safer\\server\\services\\app\\middleware\\authorization.js","statementMap":{"0":{"start":{"line":1,"column":25},"end":{"line":1,"column":45}},"1":{"start":{"line":3,"column":28},"end":{"line":28,"column":1}},"2":{"start":{"line":4,"column":17},"end":{"line":4,"column":27}},"3":{"start":{"line":5,"column":2},"end":{"line":5,"column":18}},"4":{"start":{"line":7,"column":2},"end":{"line":27,"column":3}},"5":{"start":{"line":8,"column":21},"end":{"line":8,"column":45}},"6":{"start":{"line":10,"column":4},"end":{"line":10,"column":26}},"7":{"start":{"line":11,"column":4},"end":{"line":23,"column":5}},"8":{"start":{"line":12,"column":6},"end":{"line":12,"column":34}},"9":{"start":{"line":13,"column":11},"end":{"line":23,"column":5}},"10":{"start":{"line":14,"column":6},"end":{"line":14,"column":37}},"11":{"start":{"line":16,"column":25},"end":{"line":16,"column":66}},"12":{"start":{"line":17,"column":6},"end":{"line":21,"column":7}},"13":{"start":{"line":18,"column":8},"end":{"line":20,"column":10}},"14":{"start":{"line":22,"column":6},"end":{"line":22,"column":13}},"15":{"start":{"line":26,"column":4},"end":{"line":26,"column":14}},"16":{"start":{"line":30,"column":0},"end":{"line":30,"column":41}}},"fnMap":{"0":{"name":"(anonymous_0)","decl":{"start":{"line":3,"column":28},"end":{"line":3,"column":29}},"loc":{"start":{"line":3,"column":54},"end":{"line":28,"column":1}},"line":3}},"branchMap":{"0":{"loc":{"start":{"line":11,"column":4},"end":{"line":23,"column":5}},"type":"if","locations":[{"start":{"line":11,"column":4},"end":{"line":23,"column":5}},{"start":{"line":13,"column":11},"end":{"line":23,"column":5}}],"line":11},"1":{"loc":{"start":{"line":13,"column":11},"end":{"line":23,"column":5}},"type":"if","locations":[{"start":{"line":13,"column":11},"end":{"line":23,"column":5}},{"start":{"line":15,"column":11},"end":{"line":23,"column":5}}],"line":13},"2":{"loc":{"start":{"line":17,"column":6},"end":{"line":21,"column":7}},"type":"if","locations":[{"start":{"line":17,"column":6},"end":{"line":21,"column":7}},{"start":{},"end":{}}],"line":17}},"s":{"0":4,"1":4,"2":11,"3":11,"4":11,"5":11,"6":11,"7":11,"8":2,"9":9,"10":2,"11":7,"12":7,"13":1,"14":6,"15":5,"16":4},"f":{"0":11},"b":{"0":[2,9],"1":[2,7],"2":[1,6]},"_coverageSchema":"1a1c01bbd47fc00a2c39e90264f33305004495a9","hash":"be1e7e133477bc4116eb20f61d3d8efa6a616459"}
,"D:\\Mystick\\Works\\OpenProject\\2023\\code\\javascript\\safer\\server\\services\\app\\middleware\\errorHandler.js": {"path":"D:\\Mystick\\Works\\OpenProject\\2023\\code\\javascript\\safer\\server\\services\\app\\middleware\\errorHandler.js","statementMap":{"0":{"start":{"line":1,"column":21},"end":{"line":41,"column":1}},"1":{"start":{"line":2,"column":15},"end":{"line":2,"column":18}},"2":{"start":{"line":3,"column":16},"end":{"line":3,"column":39}},"3":{"start":{"line":4,"column":2},"end":{"line":4,"column":24}},"4":{"start":{"line":6,"column":2},"end":{"line":39,"column":3}},"5":{"start":{"line":8,"column":6},"end":{"line":8,"column":19}},"6":{"start":{"line":9,"column":6},"end":{"line":9,"column":51}},"7":{"start":{"line":9,"column":39},"end":{"line":9,"column":49}},"8":{"start":{"line":10,"column":6},"end":{"line":10,"column":12}},"9":{"start":{"line":12,"column":6},"end":{"line":12,"column":19}},"10":{"start":{"line":13,"column":6},"end":{"line":13,"column":51}},"11":{"start":{"line":13,"column":39},"end":{"line":13,"column":49}},"12":{"start":{"line":14,"column":6},"end":{"line":14,"column":12}},"13":{"start":{"line":16,"column":6},"end":{"line":16,"column":19}},"14":{"start":{"line":17,"column":6},"end":{"line":17,"column":32}},"15":{"start":{"line":18,"column":6},"end":{"line":18,"column":12}},"16":{"start":{"line":20,"column":6},"end":{"line":20,"column":19}},"17":{"start":{"line":21,"column":6},"end":{"line":21,"column":34}},"18":{"start":{"line":22,"column":6},"end":{"line":22,"column":12}},"19":{"start":{"line":24,"column":6},"end":{"line":24,"column":19}},"20":{"start":{"line":25,"column":6},"end":{"line":25,"column":33}},"21":{"start":{"line":26,"column":6},"end":{"line":26,"column":12}},"22":{"start":{"line":28,"column":6},"end":{"line":28,"column":19}},"23":{"start":{"line":29,"column":6},"end":{"line":29,"column":32}},"24":{"start":{"line":30,"column":6},"end":{"line":30,"column":12}},"25":{"start":{"line":32,"column":6},"end":{"line":32,"column":19}},"26":{"start":{"line":33,"column":6},"end":{"line":33,"column":41}},"27":{"start":{"line":34,"column":6},"end":{"line":34,"column":12}},"28":{"start":{"line":36,"column":6},"end":{"line":36,"column":19}},"29":{"start":{"line":37,"column":6},"end":{"line":37,"column":25}},"30":{"start":{"line":38,"column":6},"end":{"line":38,"column":12}},"31":{"start":{"line":40,"column":2},"end":{"line":40,"column":39}},"32":{"start":{"line":43,"column":0},"end":{"line":43,"column":30}}},"fnMap":{"0":{"name":"(anonymous_0)","decl":{"start":{"line":1,"column":21},"end":{"line":1,"column":22}},"loc":{"start":{"line":1,"column":46},"end":{"line":41,"column":1}},"line":1},"1":{"name":"(anonymous_1)","decl":{"start":{"line":9,"column":31},"end":{"line":9,"column":32}},"loc":{"start":{"line":9,"column":39},"end":{"line":9,"column":49}},"line":9},"2":{"name":"(anonymous_2)","decl":{"start":{"line":13,"column":31},"end":{"line":13,"column":32}},"loc":{"start":{"line":13,"column":39},"end":{"line":13,"column":49}},"line":13}},"branchMap":{"0":{"loc":{"start":{"line":6,"column":2},"end":{"line":39,"column":3}},"type":"switch","locations":[{"start":{"line":7,"column":4},"end":{"line":10,"column":12}},{"start":{"line":11,"column":4},"end":{"line":14,"column":12}},{"start":{"line":15,"column":4},"end":{"line":18,"column":12}},{"start":{"line":19,"column":4},"end":{"line":22,"column":12}},{"start":{"line":23,"column":4},"end":{"line":26,"column":12}},{"start":{"line":27,"column":4},"end":{"line":30,"column":12}},{"start":{"line":31,"column":4},"end":{"line":34,"column":12}},{"start":{"line":35,"column":4},"end":{"line":38,"column":12}}],"line":6}},"s":{"0":4,"1":51,"2":51,"3":51,"4":51,"5":14,"6":14,"7":15,"8":14,"9":2,"10":2,"11":2,"12":2,"13":2,"14":2,"15":2,"16":7,"17":7,"18":7,"19":1,"20":1,"21":1,"22":10,"23":10,"24":10,"25":9,"26":9,"27":9,"28":6,"29":6,"30":6,"31":51,"32":4},"f":{"0":51,"1":15,"2":2},"b":{"0":[14,2,2,7,1,10,9,6]},"_coverageSchema":"1a1c01bbd47fc00a2c39e90264f33305004495a9","hash":"50df4d692da74612cf4e2b7fd24385d76b226140"}
,"D:\\Mystick\\Works\\OpenProject\\2023\\code\\javascript\\safer\\server\\services\\app\\models\\index.js": {"path":"D:\\Mystick\\Works\\OpenProject\\2023\\code\\javascript\\safer\\server\\services\\app\\models\\index.js","statementMap":{"0":{"start":{"line":3,"column":11},"end":{"line":3,"column":24}},"1":{"start":{"line":4,"column":13},"end":{"line":4,"column":28}},"2":{"start":{"line":5,"column":18},"end":{"line":5,"column":38}},"3":{"start":{"line":6,"column":16},"end":{"line":6,"column":34}},"4":{"start":{"line":7,"column":17},"end":{"line":7,"column":42}},"5":{"start":{"line":8,"column":12},"end":{"line":8,"column":49}},"6":{"start":{"line":9,"column":15},"end":{"line":9,"column":65}},"7":{"start":{"line":10,"column":11},"end":{"line":10,"column":13}},"8":{"start":{"line":13,"column":0},"end":{"line":17,"column":1}},"9":{"start":{"line":14,"column":2},"end":{"line":14,"column":74}},"10":{"start":{"line":16,"column":2},"end":{"line":16,"column":87}},"11":{"start":{"line":19,"column":0},"end":{"line":32,"column":5}},"12":{"start":{"line":22,"column":4},"end":{"line":27,"column":6}},"13":{"start":{"line":30,"column":18},"end":{"line":30,"column":85}},"14":{"start":{"line":31,"column":4},"end":{"line":31,"column":27}},"15":{"start":{"line":34,"column":0},"end":{"line":38,"column":3}},"16":{"start":{"line":35,"column":2},"end":{"line":37,"column":3}},"17":{"start":{"line":36,"column":4},"end":{"line":36,"column":32}},"18":{"start":{"line":40,"column":0},"end":{"line":40,"column":25}},"19":{"start":{"line":41,"column":0},"end":{"line":41,"column":25}},"20":{"start":{"line":43,"column":0},"end":{"line":43,"column":20}}},"fnMap":{"0":{"name":"(anonymous_0)","decl":{"start":{"line":21,"column":10},"end":{"line":21,"column":11}},"loc":{"start":{"line":21,"column":18},"end":{"line":28,"column":3}},"line":21},"1":{"name":"(anonymous_1)","decl":{"start":{"line":29,"column":11},"end":{"line":29,"column":12}},"loc":{"start":{"line":29,"column":19},"end":{"line":32,"column":3}},"line":29},"2":{"name":"(anonymous_2)","decl":{"start":{"line":34,"column":24},"end":{"line":34,"column":25}},"loc":{"start":{"line":34,"column":37},"end":{"line":38,"column":1}},"line":34}},"branchMap":{"0":{"loc":{"start":{"line":8,"column":12},"end":{"line":8,"column":49}},"type":"binary-expr","locations":[{"start":{"line":8,"column":12},"end":{"line":8,"column":32}},{"start":{"line":8,"column":36},"end":{"line":8,"column":49}}],"line":8},"1":{"loc":{"start":{"line":13,"column":0},"end":{"line":17,"column":1}},"type":"if","locations":[{"start":{"line":13,"column":0},"end":{"line":17,"column":1}},{"start":{"line":15,"column":7},"end":{"line":17,"column":1}}],"line":13},"2":{"loc":{"start":{"line":23,"column":6},"end":{"line":26,"column":37}},"type":"binary-expr","locations":[{"start":{"line":23,"column":6},"end":{"line":23,"column":29}},{"start":{"line":24,"column":6},"end":{"line":24,"column":23}},{"start":{"line":25,"column":6},"end":{"line":25,"column":30}},{"start":{"line":26,"column":6},"end":{"line":26,"column":37}}],"line":23},"3":{"loc":{"start":{"line":35,"column":2},"end":{"line":37,"column":3}},"type":"if","locations":[{"start":{"line":35,"column":2},"end":{"line":37,"column":3}},{"start":{},"end":{}}],"line":35}},"s":{"0":4,"1":4,"2":4,"3":4,"4":4,"5":4,"6":4,"7":4,"8":4,"9":0,"10":4,"11":4,"12":20,"13":16,"14":16,"15":4,"16":16,"17":16,"18":4,"19":4,"20":4},"f":{"0":20,"1":16,"2":16},"b":{"0":[4,0],"1":[0,4],"2":[20,20,16,16],"3":[16,0]},"_coverageSchema":"1a1c01bbd47fc00a2c39e90264f33305004495a9","hash":"51181618d79cee53776c965596919e7a8f3900d2"}
,"D:\\Mystick\\Works\\OpenProject\\2023\\code\\javascript\\safer\\server\\services\\app\\models\\report.js": {"path":"D:\\Mystick\\Works\\OpenProject\\2023\\code\\javascript\\safer\\server\\services\\app\\models\\report.js","statementMap":{"0":{"start":{"line":2,"column":18},"end":{"line":2,"column":38}},"1":{"start":{"line":3,"column":0},"end":{"line":79,"column":2}},"2":{"start":{"line":11,"column":6},"end":{"line":11,"column":36}},"3":{"start":{"line":12,"column":6},"end":{"line":12,"column":36}},"4":{"start":{"line":13,"column":6},"end":{"line":13,"column":34}},"5":{"start":{"line":17,"column":2},"end":{"line":77,"column":4}},"6":{"start":{"line":78,"column":2},"end":{"line":78,"column":16}}},"fnMap":{"0":{"name":"(anonymous_0)","decl":{"start":{"line":3,"column":17},"end":{"line":3,"column":18}},"loc":{"start":{"line":3,"column":43},"end":{"line":79,"column":1}},"line":3},"1":{"name":"(anonymous_1)","decl":{"start":{"line":10,"column":4},"end":{"line":10,"column":5}},"loc":{"start":{"line":10,"column":29},"end":{"line":15,"column":5}},"line":10}},"branchMap":{},"s":{"0":4,"1":4,"2":4,"3":4,"4":4,"5":4,"6":4},"f":{"0":4,"1":4},"b":{},"_coverageSchema":"1a1c01bbd47fc00a2c39e90264f33305004495a9","hash":"b9220d4a93a789213add65e6c83b01c7cdfd72bd"}
,"D:\\Mystick\\Works\\OpenProject\\2023\\code\\javascript\\safer\\server\\services\\app\\models\\type.js": {"path":"D:\\Mystick\\Works\\OpenProject\\2023\\code\\javascript\\safer\\server\\services\\app\\models\\type.js","statementMap":{"0":{"start":{"line":2,"column":18},"end":{"line":2,"column":38}},"1":{"start":{"line":3,"column":0},"end":{"line":33,"column":2}},"2":{"start":{"line":12,"column":6},"end":{"line":12,"column":60}},"3":{"start":{"line":15,"column":2},"end":{"line":31,"column":4}},"4":{"start":{"line":32,"column":2},"end":{"line":32,"column":14}}},"fnMap":{"0":{"name":"(anonymous_0)","decl":{"start":{"line":3,"column":17},"end":{"line":3,"column":18}},"loc":{"start":{"line":3,"column":43},"end":{"line":33,"column":1}},"line":3},"1":{"name":"(anonymous_1)","decl":{"start":{"line":10,"column":4},"end":{"line":10,"column":5}},"loc":{"start":{"line":10,"column":29},"end":{"line":13,"column":5}},"line":10}},"branchMap":{},"s":{"0":4,"1":4,"2":4,"3":4,"4":4},"f":{"0":4,"1":4},"b":{},"_coverageSchema":"1a1c01bbd47fc00a2c39e90264f33305004495a9","hash":"9d171e3879af3a18e187202b35a1667e450425e2"}
,"D:\\Mystick\\Works\\OpenProject\\2023\\code\\javascript\\safer\\server\\services\\app\\models\\user.js": {"path":"D:\\Mystick\\Works\\OpenProject\\2023\\code\\javascript\\safer\\server\\services\\app\\models\\user.js","statementMap":{"0":{"start":{"line":2,"column":25},"end":{"line":2,"column":53}},"1":{"start":{"line":3,"column":18},"end":{"line":3,"column":38}},"2":{"start":{"line":4,"column":0},"end":{"line":79,"column":2}},"3":{"start":{"line":12,"column":6},"end":{"line":12,"column":34}},"4":{"start":{"line":13,"column":6},"end":{"line":13,"column":32}},"5":{"start":{"line":17,"column":2},"end":{"line":74,"column":4}},"6":{"start":{"line":75,"column":2},"end":{"line":77,"column":5}},"7":{"start":{"line":76,"column":4},"end":{"line":76,"column":48}},"8":{"start":{"line":78,"column":2},"end":{"line":78,"column":14}}},"fnMap":{"0":{"name":"(anonymous_0)","decl":{"start":{"line":4,"column":17},"end":{"line":4,"column":18}},"loc":{"start":{"line":4,"column":43},"end":{"line":79,"column":1}},"line":4},"1":{"name":"(anonymous_1)","decl":{"start":{"line":11,"column":4},"end":{"line":11,"column":5}},"loc":{"start":{"line":11,"column":29},"end":{"line":15,"column":5}},"line":11},"2":{"name":"(anonymous_2)","decl":{"start":{"line":75,"column":20},"end":{"line":75,"column":21}},"loc":{"start":{"line":75,"column":30},"end":{"line":77,"column":3}},"line":75}},"branchMap":{},"s":{"0":4,"1":4,"2":4,"3":4,"4":4,"5":4,"6":4,"7":8,"8":4},"f":{"0":4,"1":4,"2":8},"b":{},"_coverageSchema":"1a1c01bbd47fc00a2c39e90264f33305004495a9","hash":"4a47b676890ad322b67609c4c3f98f1b6b2d4a17"}
,"D:\\Mystick\\Works\\OpenProject\\2023\\code\\javascript\\safer\\server\\services\\app\\models\\vote.js": {"path":"D:\\Mystick\\Works\\OpenProject\\2023\\code\\javascript\\safer\\server\\services\\app\\models\\vote.js","statementMap":{"0":{"start":{"line":2,"column":18},"end":{"line":2,"column":38}},"1":{"start":{"line":3,"column":0},"end":{"line":57,"column":2}},"2":{"start":{"line":12,"column":6},"end":{"line":12,"column":60}},"3":{"start":{"line":13,"column":6},"end":{"line":13,"column":64}},"4":{"start":{"line":16,"column":2},"end":{"line":55,"column":4}},"5":{"start":{"line":56,"column":2},"end":{"line":56,"column":14}}},"fnMap":{"0":{"name":"(anonymous_0)","decl":{"start":{"line":3,"column":17},"end":{"line":3,"column":18}},"loc":{"start":{"line":3,"column":43},"end":{"line":57,"column":1}},"line":3},"1":{"name":"(anonymous_1)","decl":{"start":{"line":10,"column":4},"end":{"line":10,"column":5}},"loc":{"start":{"line":10,"column":29},"end":{"line":14,"column":5}},"line":10}},"branchMap":{},"s":{"0":4,"1":4,"2":4,"3":4,"4":4,"5":4},"f":{"0":4,"1":4},"b":{},"_coverageSchema":"1a1c01bbd47fc00a2c39e90264f33305004495a9","hash":"49301e4afa460993aa849297be38bbf2e964232f"}
,"D:\\Mystick\\Works\\OpenProject\\2023\\code\\javascript\\safer\\server\\services\\app\\routes\\index.js": {"path":"D:\\Mystick\\Works\\OpenProject\\2023\\code\\javascript\\safer\\server\\services\\app\\routes\\index.js","statementMap":{"0":{"start":{"line":1,"column":15},"end":{"line":1,"column":42}},"1":{"start":{"line":2,"column":18},"end":{"line":2,"column":40}},"2":{"start":{"line":3,"column":20},"end":{"line":3,"column":44}},"3":{"start":{"line":4,"column":18},"end":{"line":4,"column":40}},"4":{"start":{"line":5,"column":18},"end":{"line":5,"column":40}},"5":{"start":{"line":6,"column":23},"end":{"line":6,"column":63}},"6":{"start":{"line":8,"column":0},"end":{"line":8,"column":54}},"7":{"start":{"line":9,"column":0},"end":{"line":9,"column":48}},"8":{"start":{"line":10,"column":0},"end":{"line":10,"column":32}},"9":{"start":{"line":11,"column":0},"end":{"line":11,"column":36}},"10":{"start":{"line":12,"column":0},"end":{"line":12,"column":32}},"11":{"start":{"line":13,"column":0},"end":{"line":13,"column":32}},"12":{"start":{"line":15,"column":0},"end":{"line":15,"column":24}}},"fnMap":{},"branchMap":{},"s":{"0":4,"1":4,"2":4,"3":4,"4":4,"5":4,"6":4,"7":4,"8":4,"9":4,"10":4,"11":4,"12":4},"f":{},"b":{},"_coverageSchema":"1a1c01bbd47fc00a2c39e90264f33305004495a9","hash":"18f84c43e8c9b0c4d86232bca58aa3bf878d6f4a"}
,"D:\\Mystick\\Works\\OpenProject\\2023\\code\\javascript\\safer\\server\\services\\app\\routes\\reportRoute.js": {"path":"D:\\Mystick\\Works\\OpenProject\\2023\\code\\javascript\\safer\\server\\services\\app\\routes\\reportRoute.js","statementMap":{"0":{"start":{"line":1,"column":15},"end":{"line":1,"column":42}},"1":{"start":{"line":2,"column":25},"end":{"line":2,"column":67}},"2":{"start":{"line":3,"column":23},"end":{"line":3,"column":62}},"3":{"start":{"line":5,"column":0},"end":{"line":5,"column":48}},"4":{"start":{"line":6,"column":0},"end":{"line":6,"column":51}},"5":{"start":{"line":7,"column":0},"end":{"line":7,"column":27}},"6":{"start":{"line":8,"column":0},"end":{"line":8,"column":46}},"7":{"start":{"line":10,"column":0},"end":{"line":10,"column":24}}},"fnMap":{},"branchMap":{},"s":{"0":4,"1":4,"2":4,"3":4,"4":4,"5":4,"6":4,"7":4},"f":{},"b":{},"_coverageSchema":"1a1c01bbd47fc00a2c39e90264f33305004495a9","hash":"15680df9e961fc1bb19a6913cb14d4a90abfd785"}
,"D:\\Mystick\\Works\\OpenProject\\2023\\code\\javascript\\safer\\server\\services\\app\\routes\\typeRoute.js": {"path":"D:\\Mystick\\Works\\OpenProject\\2023\\code\\javascript\\safer\\server\\services\\app\\routes\\typeRoute.js","statementMap":{"0":{"start":{"line":1,"column":15},"end":{"line":1,"column":42}},"1":{"start":{"line":2,"column":23},"end":{"line":2,"column":63}},"2":{"start":{"line":4,"column":0},"end":{"line":4,"column":44}},"3":{"start":{"line":5,"column":0},"end":{"line":5,"column":42}},"4":{"start":{"line":7,"column":0},"end":{"line":7,"column":24}}},"fnMap":{},"branchMap":{},"s":{"0":4,"1":4,"2":4,"3":4,"4":4},"f":{},"b":{},"_coverageSchema":"1a1c01bbd47fc00a2c39e90264f33305004495a9","hash":"6dc994e88caf40001c3b02630241c3108370834d"}
,"D:\\Mystick\\Works\\OpenProject\\2023\\code\\javascript\\safer\\server\\services\\app\\routes\\userRoute.js": {"path":"D:\\Mystick\\Works\\OpenProject\\2023\\code\\javascript\\safer\\server\\services\\app\\routes\\userRoute.js","statementMap":{"0":{"start":{"line":1,"column":15},"end":{"line":1,"column":42}},"1":{"start":{"line":2,"column":23},"end":{"line":2,"column":63}},"2":{"start":{"line":3,"column":23},"end":{"line":3,"column":62}},"3":{"start":{"line":5,"column":0},"end":{"line":5,"column":27}},"4":{"start":{"line":6,"column":0},"end":{"line":6,"column":47}},"5":{"start":{"line":8,"column":0},"end":{"line":8,"column":24}}},"fnMap":{},"branchMap":{},"s":{"0":4,"1":4,"2":4,"3":4,"4":4,"5":4},"f":{},"b":{},"_coverageSchema":"1a1c01bbd47fc00a2c39e90264f33305004495a9","hash":"69daf60be33b7566b7b8a556a51a47d2425df9bf"}
,"D:\\Mystick\\Works\\OpenProject\\2023\\code\\javascript\\safer\\server\\services\\app\\routes\\voteRoute.js": {"path":"D:\\Mystick\\Works\\OpenProject\\2023\\code\\javascript\\safer\\server\\services\\app\\routes\\voteRoute.js","statementMap":{"0":{"start":{"line":1,"column":15},"end":{"line":1,"column":42}},"1":{"start":{"line":2,"column":23},"end":{"line":2,"column":63}},"2":{"start":{"line":3,"column":23},"end":{"line":3,"column":62}},"3":{"start":{"line":4,"column":32},"end":{"line":4,"column":70}},"4":{"start":{"line":6,"column":0},"end":{"line":6,"column":41}},"5":{"start":{"line":7,"column":0},"end":{"line":7,"column":60}},"6":{"start":{"line":8,"column":0},"end":{"line":8,"column":27}},"7":{"start":{"line":9,"column":0},"end":{"line":9,"column":42}},"8":{"start":{"line":10,"column":0},"end":{"line":10,"column":68}},"9":{"start":{"line":11,"column":0},"end":{"line":11,"column":71}},"10":{"start":{"line":13,"column":0},"end":{"line":13,"column":24}}},"fnMap":{},"branchMap":{},"s":{"0":4,"1":4,"2":4,"3":4,"4":4,"5":4,"6":4,"7":4,"8":4,"9":4,"10":4},"f":{},"b":{},"_coverageSchema":"1a1c01bbd47fc00a2c39e90264f33305004495a9","hash":"fe02c4d39952ab5b916b70cb1cfddb8eb1a164da"}
}
