{"D:\\Mystick\\Works\\OpenProject\\2023\\code\\javascript\\safer\\server\\services\\app\\app.js": {"path":"D:\\Mystick\\Works\\OpenProject\\2023\\code\\javascript\\safer\\server\\services\\app\\app.js","statementMap":{"0":{"start":{"line":1,"column":0},"end":{"line":1,"column":27}},"1":{"start":{"line":2,"column":16},"end":{"line":2,"column":34}},"2":{"start":{"line":3,"column":15},"end":{"line":3,"column":34}},"3":{"start":{"line":4,"column":12},"end":{"line":4,"column":21}},"4":{"start":{"line":5,"column":13},"end":{"line":5,"column":28}},"5":{"start":{"line":7,"column":21},"end":{"line":7,"column":57}},"6":{"start":{"line":9,"column":0},"end":{"line":9,"column":16}},"7":{"start":{"line":10,"column":0},"end":{"line":10,"column":24}},"8":{"start":{"line":11,"column":0},"end":{"line":11,"column":48}},"9":{"start":{"line":13,"column":0},"end":{"line":13,"column":16}},"10":{"start":{"line":14,"column":0},"end":{"line":14,"column":22}},"11":{"start":{"line":16,"column":0},"end":{"line":16,"column":21}}},"fnMap":{},"branchMap":{},"s":{"0":4,"1":4,"2":4,"3":4,"4":4,"5":4,"6":4,"7":4,"8":4,"9":4,"10":4,"11":4},"f":{},"b":{},"_coverageSchema":"1a1c01bbd47fc00a2c39e90264f33305004495a9","hash":"99e0575e5d7f0a0c70e159d50d901c7cba85caaa"}
,"D:\\Mystick\\Works\\OpenProject\\2023\\code\\javascript\\safer\\server\\services\\app\\controllers\\reportController.js": {"path":"D:\\Mystick\\Works\\OpenProject\\2023\\code\\javascript\\safer\\server\\services\\app\\controllers\\reportController.js","statementMap":{"0":{"start":{"line":1,"column":42},"end":{"line":1,"column":62}},"1":{"start":{"line":2,"column":20},"end":{"line":2,"column":50}},"2":{"start":{"line":6,"column":4},"end":{"line":48,"column":5}},"3":{"start":{"line":16,"column":10},"end":{"line":16,"column":18}},"4":{"start":{"line":17,"column":21},"end":{"line":17,"column":32}},"5":{"start":{"line":18,"column":18},"end":{"line":18,"column":47}},"6":{"start":{"line":19,"column":6},"end":{"line":44,"column":7}},"7":{"start":{"line":20,"column":25},"end":{"line":20,"column":63}},"8":{"start":{"line":21,"column":26},"end":{"line":35,"column":9}},"9":{"start":{"line":37,"column":8},"end":{"line":37,"column":27}},"10":{"start":{"line":38,"column":8},"end":{"line":38,"column":31}},"11":{"start":{"line":39,"column":8},"end":{"line":39,"column":44}},"12":{"start":{"line":41,"column":8},"end":{"line":41,"column":25}},"13":{"start":{"line":42,"column":8},"end":{"line":42,"column":18}},"14":{"start":{"line":43,"column":8},"end":{"line":43,"column":29}},"15":{"start":{"line":46,"column":6},"end":{"line":46,"column":23}},"16":{"start":{"line":47,"column":6},"end":{"line":47,"column":16}},"17":{"start":{"line":52,"column":4},"end":{"line":62,"column":5}},"18":{"start":{"line":53,"column":22},"end":{"line":56,"column":8}},"19":{"start":{"line":57,"column":6},"end":{"line":57,"column":36}},"20":{"start":{"line":58,"column":6},"end":{"line":58,"column":27}},"21":{"start":{"line":60,"column":6},"end":{"line":60,"column":23}},"22":{"start":{"line":61,"column":6},"end":{"line":61,"column":16}},"23":{"start":{"line":66,"column":4},"end":{"line":79,"column":5}},"24":{"start":{"line":67,"column":21},"end":{"line":67,"column":31}},"25":{"start":{"line":68,"column":21},"end":{"line":70,"column":8}},"26":{"start":{"line":71,"column":6},"end":{"line":75,"column":7}},"27":{"start":{"line":72,"column":8},"end":{"line":72,"column":36}},"28":{"start":{"line":74,"column":8},"end":{"line":74,"column":41}},"29":{"start":{"line":77,"column":6},"end":{"line":77,"column":23}},"30":{"start":{"line":78,"column":6},"end":{"line":78,"column":16}},"31":{"start":{"line":83,"column":0},"end":{"line":83,"column":34}}},"fnMap":{"0":{"name":"(anonymous_0)","decl":{"start":{"line":5,"column":2},"end":{"line":5,"column":3}},"loc":{"start":{"line":5,"column":42},"end":{"line":49,"column":3}},"line":5},"1":{"name":"(anonymous_1)","decl":{"start":{"line":51,"column":2},"end":{"line":51,"column":3}},"loc":{"start":{"line":51,"column":45},"end":{"line":63,"column":3}},"line":51},"2":{"name":"(anonymous_2)","decl":{"start":{"line":65,"column":2},"end":{"line":65,"column":3}},"loc":{"start":{"line":65,"column":45},"end":{"line":80,"column":3}},"line":65}},"branchMap":{"0":{"loc":{"start":{"line":71,"column":6},"end":{"line":75,"column":7}},"type":"if","locations":[{"start":{"line":71,"column":6},"end":{"line":75,"column":7}},{"start":{"line":73,"column":13},"end":{"line":75,"column":7}}],"line":71}},"s":{"0":4,"1":4,"2":6,"3":6,"4":6,"5":6,"6":6,"7":6,"8":6,"9":1,"10":1,"11":1,"12":5,"13":5,"14":5,"15":0,"16":0,"17":1,"18":1,"19":1,"20":1,"21":0,"22":0,"23":2,"24":2,"25":2,"26":2,"27":1,"28":1,"29":1,"30":1,"31":4},"f":{"0":6,"1":1,"2":2},"b":{"0":[1,1]},"_coverageSchema":"1a1c01bbd47fc00a2c39e90264f33305004495a9","hash":"eb587b986a4065b8dfc73947bfd6fe9c9df82f1a"}
,"D:\\Mystick\\Works\\OpenProject\\2023\\code\\javascript\\safer\\server\\services\\app\\controllers\\typeController.js": {"path":"D:\\Mystick\\Works\\OpenProject\\2023\\code\\javascript\\safer\\server\\services\\app\\controllers\\typeController.js","statementMap":{"0":{"start":{"line":1,"column":28},"end":{"line":1,"column":48}},"1":{"start":{"line":5,"column":4},"end":{"line":21,"column":5}},"2":{"start":{"line":6,"column":41},"end":{"line":6,"column":49}},"3":{"start":{"line":7,"column":6},"end":{"line":17,"column":7}},"4":{"start":{"line":8,"column":8},"end":{"line":10,"column":9}},"5":{"start":{"line":9,"column":10},"end":{"line":9,"column":41}},"6":{"start":{"line":11,"column":24},"end":{"line":11,"column":51}},"7":{"start":{"line":12,"column":8},"end":{"line":12,"column":29}},"8":{"start":{"line":13,"column":8},"end":{"line":13,"column":38}},"9":{"start":{"line":15,"column":8},"end":{"line":15,"column":25}},"10":{"start":{"line":16,"column":8},"end":{"line":16,"column":18}},"11":{"start":{"line":19,"column":6},"end":{"line":19,"column":23}},"12":{"start":{"line":20,"column":6},"end":{"line":20,"column":16}},"13":{"start":{"line":25,"column":4},"end":{"line":34,"column":5}},"14":{"start":{"line":26,"column":20},"end":{"line":28,"column":8}},"15":{"start":{"line":29,"column":6},"end":{"line":29,"column":34}},"16":{"start":{"line":30,"column":6},"end":{"line":30,"column":25}},"17":{"start":{"line":32,"column":6},"end":{"line":32,"column":23}},"18":{"start":{"line":33,"column":6},"end":{"line":33,"column":16}},"19":{"start":{"line":38,"column":0},"end":{"line":38,"column":32}}},"fnMap":{"0":{"name":"(anonymous_0)","decl":{"start":{"line":4,"column":2},"end":{"line":4,"column":3}},"loc":{"start":{"line":4,"column":40},"end":{"line":22,"column":3}},"line":4},"1":{"name":"(anonymous_1)","decl":{"start":{"line":24,"column":2},"end":{"line":24,"column":3}},"loc":{"start":{"line":24,"column":43},"end":{"line":35,"column":3}},"line":24}},"branchMap":{"0":{"loc":{"start":{"line":8,"column":8},"end":{"line":10,"column":9}},"type":"if","locations":[{"start":{"line":8,"column":8},"end":{"line":10,"column":9}},{"start":{},"end":{}}],"line":8}},"s":{"0":4,"1":1,"2":1,"3":1,"4":1,"5":0,"6":1,"7":1,"8":1,"9":0,"10":0,"11":0,"12":0,"13":1,"14":1,"15":1,"16":1,"17":0,"18":0,"19":4},"f":{"0":1,"1":1},"b":{"0":[0,1]},"_coverageSchema":"1a1c01bbd47fc00a2c39e90264f33305004495a9","hash":"7c5d12bd51bf54c87fb4225cd9507d04f5e85772"}
,"D:\\Mystick\\Works\\OpenProject\\2023\\code\\javascript\\safer\\server\\services\\app\\controllers\\userController.js": {"path":"D:\\Mystick\\Works\\OpenProject\\2023\\code\\javascript\\safer\\server\\services\\app\\controllers\\userController.js","statementMap":{"0":{"start":{"line":1,"column":17},"end":{"line":1,"column":37}},"1":{"start":{"line":2,"column":22},"end":{"line":2,"column":47}},"2":{"start":{"line":3,"column":28},"end":{"line":3,"column":56}},"3":{"start":{"line":7,"column":68},"end":{"line":7,"column":76}},"4":{"start":{"line":8,"column":4},"end":{"line":25,"column":5}},"5":{"start":{"line":9,"column":6},"end":{"line":11,"column":7}},"6":{"start":{"line":10,"column":8},"end":{"line":10,"column":36}},"7":{"start":{"line":12,"column":22},"end":{"line":19,"column":8}},"8":{"start":{"line":20,"column":6},"end":{"line":20,"column":27}},"9":{"start":{"line":21,"column":6},"end":{"line":21,"column":69}},"10":{"start":{"line":23,"column":6},"end":{"line":23,"column":23}},"11":{"start":{"line":24,"column":6},"end":{"line":24,"column":16}},"12":{"start":{"line":29,"column":4},"end":{"line":66,"column":5}},"13":{"start":{"line":30,"column":34},"end":{"line":30,"column":42}},"14":{"start":{"line":31,"column":6},"end":{"line":33,"column":7}},"15":{"start":{"line":32,"column":8},"end":{"line":32,"column":40}},"16":{"start":{"line":34,"column":6},"end":{"line":36,"column":7}},"17":{"start":{"line":35,"column":8},"end":{"line":35,"column":40}},"18":{"start":{"line":37,"column":19},"end":{"line":41,"column":8}},"19":{"start":{"line":42,"column":6},"end":{"line":44,"column":7}},"20":{"start":{"line":43,"column":8},"end":{"line":43,"column":40}},"21":{"start":{"line":46,"column":30},"end":{"line":46,"column":70}},"22":{"start":{"line":47,"column":6},"end":{"line":49,"column":7}},"23":{"start":{"line":48,"column":8},"end":{"line":48,"column":40}},"24":{"start":{"line":52,"column":26},"end":{"line":55,"column":8}},"25":{"start":{"line":56,"column":6},"end":{"line":56,"column":31}},"26":{"start":{"line":57,"column":6},"end":{"line":62,"column":9}},"27":{"start":{"line":64,"column":6},"end":{"line":64,"column":23}},"28":{"start":{"line":65,"column":6},"end":{"line":65,"column":16}},"29":{"start":{"line":70,"column":4},"end":{"line":80,"column":5}},"30":{"start":{"line":71,"column":21},"end":{"line":71,"column":31}},"31":{"start":{"line":72,"column":19},"end":{"line":72,"column":42}},"32":{"start":{"line":73,"column":6},"end":{"line":75,"column":7}},"33":{"start":{"line":74,"column":8},"end":{"line":74,"column":36}},"34":{"start":{"line":76,"column":6},"end":{"line":76,"column":37}},"35":{"start":{"line":78,"column":6},"end":{"line":78,"column":23}},"36":{"start":{"line":79,"column":6},"end":{"line":79,"column":16}},"37":{"start":{"line":84,"column":0},"end":{"line":84,"column":32}}},"fnMap":{"0":{"name":"(anonymous_0)","decl":{"start":{"line":6,"column":2},"end":{"line":6,"column":3}},"loc":{"start":{"line":6,"column":44},"end":{"line":26,"column":3}},"line":6},"1":{"name":"(anonymous_1)","decl":{"start":{"line":28,"column":2},"end":{"line":28,"column":3}},"loc":{"start":{"line":28,"column":41},"end":{"line":67,"column":3}},"line":28},"2":{"name":"(anonymous_2)","decl":{"start":{"line":69,"column":2},"end":{"line":69,"column":3}},"loc":{"start":{"line":69,"column":43},"end":{"line":81,"column":3}},"line":69}},"branchMap":{"0":{"loc":{"start":{"line":9,"column":6},"end":{"line":11,"column":7}},"type":"if","locations":[{"start":{"line":9,"column":6},"end":{"line":11,"column":7}},{"start":{},"end":{}}],"line":9},"1":{"loc":{"start":{"line":9,"column":10},"end":{"line":9,"column":50}},"type":"binary-expr","locations":[{"start":{"line":9,"column":10},"end":{"line":9,"column":27}},{"start":{"line":9,"column":31},"end":{"line":9,"column":50}}],"line":9},"2":{"loc":{"start":{"line":31,"column":6},"end":{"line":33,"column":7}},"type":"if","locations":[{"start":{"line":31,"column":6},"end":{"line":33,"column":7}},{"start":{},"end":{}}],"line":31},"3":{"loc":{"start":{"line":34,"column":6},"end":{"line":36,"column":7}},"type":"if","locations":[{"start":{"line":34,"column":6},"end":{"line":36,"column":7}},{"start":{},"end":{}}],"line":34},"4":{"loc":{"start":{"line":42,"column":6},"end":{"line":44,"column":7}},"type":"if","locations":[{"start":{"line":42,"column":6},"end":{"line":44,"column":7}},{"start":{},"end":{}}],"line":42},"5":{"loc":{"start":{"line":47,"column":6},"end":{"line":49,"column":7}},"type":"if","locations":[{"start":{"line":47,"column":6},"end":{"line":49,"column":7}},{"start":{},"end":{}}],"line":47},"6":{"loc":{"start":{"line":73,"column":6},"end":{"line":75,"column":7}},"type":"if","locations":[{"start":{"line":73,"column":6},"end":{"line":75,"column":7}},{"start":{},"end":{}}],"line":73}},"s":{"0":4,"1":4,"2":4,"3":13,"4":13,"5":13,"6":3,"7":10,"8":1,"9":1,"10":12,"11":12,"12":3,"13":3,"14":3,"15":0,"16":3,"17":0,"18":3,"19":3,"20":1,"21":2,"22":2,"23":1,"24":1,"25":1,"26":1,"27":2,"28":2,"29":2,"30":2,"31":2,"32":2,"33":1,"34":1,"35":1,"36":1,"37":4},"f":{"0":13,"1":3,"2":2},"b":{"0":[3,10],"1":[13,3],"2":[0,3],"3":[0,3],"4":[1,2],"5":[1,1],"6":[1,1]},"_coverageSchema":"1a1c01bbd47fc00a2c39e90264f33305004495a9","hash":"7186bab5b968e57328cc98c74113ba3b68caac7e"}
,"D:\\Mystick\\Works\\OpenProject\\2023\\code\\javascript\\safer\\server\\services\\app\\controllers\\voteController.js": {"path":"D:\\Mystick\\Works\\OpenProject\\2023\\code\\javascript\\safer\\server\\services\\app\\controllers\\voteController.js","statementMap":{"0":{"start":{"line":1,"column":15},"end":{"line":1,"column":35}},"1":{"start":{"line":2,"column":31},"end":{"line":2,"column":51}},"2":{"start":{"line":6,"column":4},"end":{"line":14,"column":5}},"3":{"start":{"line":7,"column":21},"end":{"line":10,"column":8}},"4":{"start":{"line":11,"column":6},"end":{"line":11,"column":39}},"5":{"start":{"line":13,"column":6},"end":{"line":13,"column":16}},"6":{"start":{"line":18,"column":4},"end":{"line":32,"column":5}},"7":{"start":{"line":19,"column":21},"end":{"line":19,"column":31}},"8":{"start":{"line":20,"column":6},"end":{"line":20,"column":22}},"9":{"start":{"line":21,"column":19},"end":{"line":23,"column":8}},"10":{"start":{"line":24,"column":6},"end":{"line":28,"column":7}},"11":{"start":{"line":25,"column":8},"end":{"line":25,"column":36}},"12":{"start":{"line":27,"column":8},"end":{"line":27,"column":39}},"13":{"start":{"line":30,"column":6},"end":{"line":30,"column":23}},"14":{"start":{"line":31,"column":6},"end":{"line":31,"column":16}},"15":{"start":{"line":36,"column":4},"end":{"line":101,"column":5}},"16":{"start":{"line":37,"column":51},"end":{"line":37,"column":59}},"17":{"start":{"line":38,"column":21},"end":{"line":38,"column":32}},"18":{"start":{"line":40,"column":6},"end":{"line":40,"column":40}},"19":{"start":{"line":41,"column":6},"end":{"line":43,"column":7}},"20":{"start":{"line":42,"column":8},"end":{"line":42,"column":36}},"21":{"start":{"line":45,"column":6},"end":{"line":47,"column":7}},"22":{"start":{"line":46,"column":8},"end":{"line":46,"column":36}},"23":{"start":{"line":49,"column":21},"end":{"line":49,"column":53}},"24":{"start":{"line":50,"column":6},"end":{"line":52,"column":7}},"25":{"start":{"line":51,"column":8},"end":{"line":51,"column":36}},"26":{"start":{"line":54,"column":32},"end":{"line":54,"column":64}},"27":{"start":{"line":55,"column":6},"end":{"line":59,"column":7}},"28":{"start":{"line":56,"column":8},"end":{"line":58,"column":10}},"29":{"start":{"line":61,"column":31},"end":{"line":63,"column":8}},"30":{"start":{"line":66,"column":6},"end":{"line":70,"column":7}},"31":{"start":{"line":67,"column":8},"end":{"line":69,"column":10}},"32":{"start":{"line":72,"column":22},"end":{"line":78,"column":8}},"33":{"start":{"line":80,"column":27},"end":{"line":82,"column":8}},"34":{"start":{"line":84,"column":6},"end":{"line":95,"column":7}},"35":{"start":{"line":85,"column":8},"end":{"line":94,"column":10}},"36":{"start":{"line":97,"column":6},"end":{"line":97,"column":40}},"37":{"start":{"line":99,"column":6},"end":{"line":99,"column":23}},"38":{"start":{"line":100,"column":6},"end":{"line":100,"column":16}},"39":{"start":{"line":105,"column":4},"end":{"line":133,"column":5}},"40":{"start":{"line":106,"column":21},"end":{"line":106,"column":31}},"41":{"start":{"line":107,"column":6},"end":{"line":107,"column":22}},"42":{"start":{"line":108,"column":41},"end":{"line":108,"column":49}},"43":{"start":{"line":109,"column":6},"end":{"line":111,"column":7}},"44":{"start":{"line":110,"column":8},"end":{"line":110,"column":36}},"45":{"start":{"line":113,"column":19},"end":{"line":124,"column":7}},"46":{"start":{"line":125,"column":6},"end":{"line":125,"column":26}},"47":{"start":{"line":126,"column":6},"end":{"line":130,"column":7}},"48":{"start":{"line":127,"column":8},"end":{"line":127,"column":36}},"49":{"start":{"line":129,"column":8},"end":{"line":129,"column":71}},"50":{"start":{"line":132,"column":6},"end":{"line":132,"column":16}},"51":{"start":{"line":137,"column":4},"end":{"line":153,"column":5}},"52":{"start":{"line":138,"column":21},"end":{"line":138,"column":31}},"53":{"start":{"line":139,"column":27},"end":{"line":144,"column":8}},"54":{"start":{"line":145,"column":6},"end":{"line":149,"column":7}},"55":{"start":{"line":146,"column":8},"end":{"line":146,"column":36}},"56":{"start":{"line":148,"column":8},"end":{"line":148,"column":43}},"57":{"start":{"line":151,"column":6},"end":{"line":151,"column":23}},"58":{"start":{"line":152,"column":6},"end":{"line":152,"column":16}},"59":{"start":{"line":157,"column":0},"end":{"line":157,"column":32}}},"fnMap":{"0":{"name":"(anonymous_0)","decl":{"start":{"line":5,"column":2},"end":{"line":5,"column":3}},"loc":{"start":{"line":5,"column":40},"end":{"line":15,"column":3}},"line":5},"1":{"name":"(anonymous_1)","decl":{"start":{"line":17,"column":2},"end":{"line":17,"column":3}},"loc":{"start":{"line":17,"column":43},"end":{"line":33,"column":3}},"line":17},"2":{"name":"(anonymous_2)","decl":{"start":{"line":35,"column":2},"end":{"line":35,"column":3}},"loc":{"start":{"line":35,"column":40},"end":{"line":102,"column":3}},"line":35},"3":{"name":"(anonymous_3)","decl":{"start":{"line":104,"column":2},"end":{"line":104,"column":3}},"loc":{"start":{"line":104,"column":46},"end":{"line":134,"column":3}},"line":104},"4":{"name":"(anonymous_4)","decl":{"start":{"line":136,"column":2},"end":{"line":136,"column":3}},"loc":{"start":{"line":136,"column":49},"end":{"line":154,"column":3}},"line":136}},"branchMap":{"0":{"loc":{"start":{"line":24,"column":6},"end":{"line":28,"column":7}},"type":"if","locations":[{"start":{"line":24,"column":6},"end":{"line":28,"column":7}},{"start":{"line":26,"column":13},"end":{"line":28,"column":7}}],"line":24},"1":{"loc":{"start":{"line":41,"column":6},"end":{"line":43,"column":7}},"type":"if","locations":[{"start":{"line":41,"column":6},"end":{"line":43,"column":7}},{"start":{},"end":{}}],"line":41},"2":{"loc":{"start":{"line":45,"column":6},"end":{"line":47,"column":7}},"type":"if","locations":[{"start":{"line":45,"column":6},"end":{"line":47,"column":7}},{"start":{},"end":{}}],"line":45},"3":{"loc":{"start":{"line":45,"column":10},"end":{"line":45,"column":51}},"type":"binary-expr","locations":[{"start":{"line":45,"column":10},"end":{"line":45,"column":27}},{"start":{"line":45,"column":31},"end":{"line":45,"column":51}}],"line":45},"4":{"loc":{"start":{"line":50,"column":6},"end":{"line":52,"column":7}},"type":"if","locations":[{"start":{"line":50,"column":6},"end":{"line":52,"column":7}},{"start":{},"end":{}}],"line":50},"5":{"loc":{"start":{"line":55,"column":6},"end":{"line":59,"column":7}},"type":"if","locations":[{"start":{"line":55,"column":6},"end":{"line":59,"column":7}},{"start":{},"end":{}}],"line":55},"6":{"loc":{"start":{"line":66,"column":6},"end":{"line":70,"column":7}},"type":"if","locations":[{"start":{"line":66,"column":6},"end":{"line":70,"column":7}},{"start":{},"end":{}}],"line":66},"7":{"loc":{"start":{"line":84,"column":6},"end":{"line":95,"column":7}},"type":"if","locations":[{"start":{"line":84,"column":6},"end":{"line":95,"column":7}},{"start":{},"end":{}}],"line":84},"8":{"loc":{"start":{"line":109,"column":6},"end":{"line":111,"column":7}},"type":"if","locations":[{"start":{"line":109,"column":6},"end":{"line":111,"column":7}},{"start":{},"end":{}}],"line":109},"9":{"loc":{"start":{"line":109,"column":10},"end":{"line":109,"column":51}},"type":"binary-expr","locations":[{"start":{"line":109,"column":10},"end":{"line":109,"column":27}},{"start":{"line":109,"column":31},"end":{"line":109,"column":51}}],"line":109},"10":{"loc":{"start":{"line":126,"column":6},"end":{"line":130,"column":7}},"type":"if","locations":[{"start":{"line":126,"column":6},"end":{"line":130,"column":7}},{"start":{"line":128,"column":13},"end":{"line":130,"column":7}}],"line":126},"11":{"loc":{"start":{"line":145,"column":6},"end":{"line":149,"column":7}},"type":"if","locations":[{"start":{"line":145,"column":6},"end":{"line":149,"column":7}},{"start":{"line":147,"column":13},"end":{"line":149,"column":7}}],"line":145}},"s":{"0":4,"1":4,"2":1,"3":1,"4":1,"5":0,"6":1,"7":1,"8":1,"9":1,"10":1,"11":0,"12":1,"13":0,"14":0,"15":5,"16":5,"17":5,"18":5,"19":5,"20":1,"21":4,"22":1,"23":3,"24":3,"25":1,"26":2,"27":2,"28":0,"29":2,"30":2,"31":0,"32":2,"33":1,"34":1,"35":0,"36":1,"37":4,"38":4,"39":3,"40":3,"41":3,"42":3,"43":3,"44":1,"45":2,"46":1,"47":1,"48":0,"49":1,"50":2,"51":0,"52":0,"53":0,"54":0,"55":0,"56":0,"57":0,"58":0,"59":4},"f":{"0":1,"1":1,"2":5,"3":3,"4":0},"b":{"0":[0,1],"1":[1,4],"2":[1,3],"3":[4,1],"4":[1,2],"5":[0,2],"6":[0,2],"7":[0,1],"8":[1,2],"9":[3,1],"10":[0,1],"11":[0,0]},"_coverageSchema":"1a1c01bbd47fc00a2c39e90264f33305004495a9","hash":"0f56cb5fd6c3c81342c2c5795349febba3b6a93f"}
,"D:\\Mystick\\Works\\OpenProject\\2023\\code\\javascript\\safer\\server\\services\\app\\helpers\\bcrypt.js": {"path":"D:\\Mystick\\Works\\OpenProject\\2023\\code\\javascript\\safer\\server\\services\\app\\helpers\\bcrypt.js","statementMap":{"0":{"start":{"line":1,"column":16},"end":{"line":1,"column":35}},"1":{"start":{"line":2,"column":13},"end":{"line":2,"column":36}},"2":{"start":{"line":4,"column":21},"end":{"line":6,"column":1}},"3":{"start":{"line":5,"column":2},"end":{"line":5,"column":47}},"4":{"start":{"line":8,"column":24},"end":{"line":10,"column":1}},"5":{"start":{"line":9,"column":2},"end":{"line":9,"column":60}},"6":{"start":{"line":12,"column":0},"end":{"line":12,"column":51}}},"fnMap":{"0":{"name":"(anonymous_0)","decl":{"start":{"line":4,"column":21},"end":{"line":4,"column":22}},"loc":{"start":{"line":4,"column":40},"end":{"line":6,"column":1}},"line":4},"1":{"name":"(anonymous_1)","decl":{"start":{"line":8,"column":24},"end":{"line":8,"column":25}},"loc":{"start":{"line":8,"column":59},"end":{"line":10,"column":1}},"line":8}},"branchMap":{},"s":{"0":4,"1":4,"2":4,"3":7,"4":4,"5":2,"6":4},"f":{"0":7,"1":2},"b":{},"_coverageSchema":"1a1c01bbd47fc00a2c39e90264f33305004495a9","hash":"d02c76a0fbfdd05ebbffb5840cdda51b4ee62066"}
,"D:\\Mystick\\Works\\OpenProject\\2023\\code\\javascript\\safer\\server\\services\\app\\helpers\\geocoder.js": {"path":"D:\\Mystick\\Works\\OpenProject\\2023\\code\\javascript\\safer\\server\\services\\app\\helpers\\geocoder.js","statementMap":{"0":{"start":{"line":1,"column":14},"end":{"line":1,"column":30}},"1":{"start":{"line":3,"column":20},"end":{"line":22,"column":1}},"2":{"start":{"line":4,"column":17},"end":{"line":4,"column":43}},"3":{"start":{"line":7,"column":2},"end":{"line":21,"column":3}},"4":{"start":{"line":8,"column":19},"end":{"line":16,"column":5}},"5":{"start":{"line":18,"column":4},"end":{"line":18,"column":53}},"6":{"start":{"line":20,"column":4},"end":{"line":20,"column":21}},"7":{"start":{"line":24,"column":0},"end":{"line":24,"column":29}}},"fnMap":{"0":{"name":"(anonymous_0)","decl":{"start":{"line":3,"column":20},"end":{"line":3,"column":21}},"loc":{"start":{"line":3,"column":41},"end":{"line":22,"column":1}},"line":3}},"branchMap":{},"s":{"0":4,"1":4,"2":6,"3":6,"4":6,"5":0,"6":6,"7":4},"f":{"0":6},"b":{},"_coverageSchema":"1a1c01bbd47fc00a2c39e90264f33305004495a9","hash":"828970ec59d77d3bcc1f6305c33cd502447e1210"}
,"D:\\Mystick\\Works\\OpenProject\\2023\\code\\javascript\\safer\\server\\services\\app\\helpers\\jwt.js": {"path":"D:\\Mystick\\Works\\OpenProject\\2023\\code\\javascript\\safer\\server\\services\\app\\helpers\\jwt.js","statementMap":{"0":{"start":{"line":1,"column":12},"end":{"line":1,"column":35}},"1":{"start":{"line":2,"column":15},"end":{"line":2,"column":58}},"2":{"start":{"line":4,"column":18},"end":{"line":6,"column":1}},"3":{"start":{"line":5,"column":2},"end":{"line":5,"column":35}},"4":{"start":{"line":8,"column":20},"end":{"line":10,"column":1}},"5":{"start":{"line":9,"column":2},"end":{"line":9,"column":35}},"6":{"start":{"line":12,"column":0},"end":{"line":12,"column":44}}},"fnMap":{"0":{"name":"(anonymous_0)","decl":{"start":{"line":4,"column":18},"end":{"line":4,"column":19}},"loc":{"start":{"line":4,"column":31},"end":{"line":6,"column":1}},"line":4},"1":{"name":"(anonymous_1)","decl":{"start":{"line":8,"column":20},"end":{"line":8,"column":21}},"loc":{"start":{"line":8,"column":31},"end":{"line":10,"column":1}},"line":8}},"branchMap":{"0":{"loc":{"start":{"line":2,"column":15},"end":{"line":2,"column":58}},"type":"binary-expr","locations":[{"start":{"line":2,"column":15},"end":{"line":2,"column":41}},{"start":{"line":2,"column":45},"end":{"line":2,"column":58}}],"line":2}},"s":{"0":4,"1":4,"2":4,"3":3,"4":4,"5":23,"6":4},"f":{"0":3,"1":23},"b":{"0":[4,0]},"_coverageSchema":"1a1c01bbd47fc00a2c39e90264f33305004495a9","hash":"fa965800b014696d92d91d7b485aaaa02addad18"}
,"D:\\Mystick\\Works\\OpenProject\\2023\\code\\javascript\\safer\\server\\services\\app\\middleware\\authentication.js": {"path":"D:\\Mystick\\Works\\OpenProject\\2023\\code\\javascript\\safer\\server\\services\\app\\middleware\\authentication.js","statementMap":{"0":{"start":{"line":1,"column":24},"end":{"line":1,"column":49}},"1":{"start":{"line":2,"column":17},"end":{"line":2,"column":37}},"2":{"start":{"line":4,"column":23},"end":{"line":32,"column":1}},"3":{"start":{"line":5,"column":2},"end":{"line":31,"column":3}},"4":{"start":{"line":6,"column":29},"end":{"line":6,"column":40}},"5":{"start":{"line":8,"column":4},"end":{"line":10,"column":5}},"6":{"start":{"line":9,"column":6},"end":{"line":9,"column":40}},"7":{"start":{"line":11,"column":20},"end":{"line":11,"column":45}},"8":{"start":{"line":12,"column":21},"end":{"line":17,"column":6}},"9":{"start":{"line":18,"column":4},"end":{"line":20,"column":5}},"10":{"start":{"line":19,"column":6},"end":{"line":19,"column":40}},"11":{"start":{"line":21,"column":4},"end":{"line":24,"column":6}},"12":{"start":{"line":26,"column":4},"end":{"line":26,"column":11}},"13":{"start":{"line":28,"column":4},"end":{"line":28,"column":21}},"14":{"start":{"line":29,"column":4},"end":{"line":29,"column":33}},"15":{"start":{"line":30,"column":4},"end":{"line":30,"column":14}},"16":{"start":{"line":34,"column":0},"end":{"line":34,"column":32}}},"fnMap":{"0":{"name":"(anonymous_0)","decl":{"start":{"line":4,"column":23},"end":{"line":4,"column":24}},"loc":{"start":{"line":4,"column":55},"end":{"line":32,"column":1}},"line":4}},"branchMap":{"0":{"loc":{"start":{"line":8,"column":4},"end":{"line":10,"column":5}},"type":"if","locations":[{"start":{"line":8,"column":4},"end":{"line":10,"column":5}},{"start":{},"end":{}}],"line":8},"1":{"loc":{"start":{"line":18,"column":4},"end":{"line":20,"column":5}},"type":"if","locations":[{"start":{"line":18,"column":4},"end":{"line":20,"column":5}},{"start":{},"end":{}}],"line":18}},"s":{"0":4,"1":4,"2":4,"3":27,"4":27,"5":27,"6":4,"7":23,"8":19,"9":19,"10":0,"11":19,"12":19,"13":8,"14":8,"15":8,"16":4},"f":{"0":27},"b":{"0":[4,23],"1":[0,19]},"_coverageSchema":"1a1c01bbd47fc00a2c39e90264f33305004495a9","hash":"e80b264351ac6652b3e16ed8ba144f53c577fde4"}
,"D:\\Mystick\\Works\\OpenProject\\2023\\code\\javascript\\safer\\server\\services\\app\\middleware\\authorization.js": {"path":"D:\\Mystick\\Works\\OpenProject\\2023\\code\\javascript\\safer\\server\\services\\app\\middleware\\authorization.js","statementMap":{"0":{"start":{"line":1,"column":17},"end":{"line":1,"column":37}},"1":{"start":{"line":3,"column":28},"end":{"line":22,"column":1}},"2":{"start":{"line":4,"column":17},"end":{"line":4,"column":27}},"3":{"start":{"line":5,"column":2},"end":{"line":5,"column":18}},"4":{"start":{"line":7,"column":2},"end":{"line":21,"column":3}},"5":{"start":{"line":8,"column":21},"end":{"line":8,"column":45}},"6":{"start":{"line":10,"column":4},"end":{"line":10,"column":26}},"7":{"start":{"line":11,"column":4},"end":{"line":17,"column":5}},"8":{"start":{"line":12,"column":6},"end":{"line":12,"column":34}},"9":{"start":{"line":13,"column":11},"end":{"line":17,"column":5}},"10":{"start":{"line":14,"column":6},"end":{"line":14,"column":37}},"11":{"start":{"line":16,"column":6},"end":{"line":16,"column":13}},"12":{"start":{"line":20,"column":4},"end":{"line":20,"column":14}},"13":{"start":{"line":24,"column":0},"end":{"line":24,"column":41}}},"fnMap":{"0":{"name":"(anonymous_0)","decl":{"start":{"line":3,"column":28},"end":{"line":3,"column":29}},"loc":{"start":{"line":3,"column":54},"end":{"line":22,"column":1}},"line":3}},"branchMap":{"0":{"loc":{"start":{"line":11,"column":4},"end":{"line":17,"column":5}},"type":"if","locations":[{"start":{"line":11,"column":4},"end":{"line":17,"column":5}},{"start":{"line":13,"column":11},"end":{"line":17,"column":5}}],"line":11},"1":{"loc":{"start":{"line":13,"column":11},"end":{"line":17,"column":5}},"type":"if","locations":[{"start":{"line":13,"column":11},"end":{"line":17,"column":5}},{"start":{"line":15,"column":11},"end":{"line":17,"column":5}}],"line":13}},"s":{"0":4,"1":4,"2":8,"3":8,"4":8,"5":8,"6":8,"7":8,"8":2,"9":6,"10":2,"11":4,"12":4,"13":4},"f":{"0":8},"b":{"0":[2,6],"1":[2,4]},"_coverageSchema":"1a1c01bbd47fc00a2c39e90264f33305004495a9","hash":"3aba85fc515d56e7a598dca674baca64c5cac9cf"}
,"D:\\Mystick\\Works\\OpenProject\\2023\\code\\javascript\\safer\\server\\services\\app\\middleware\\errorHandler.js": {"path":"D:\\Mystick\\Works\\OpenProject\\2023\\code\\javascript\\safer\\server\\services\\app\\middleware\\errorHandler.js","statementMap":{"0":{"start":{"line":1,"column":21},"end":{"line":38,"column":1}},"1":{"start":{"line":2,"column":15},"end":{"line":2,"column":18}},"2":{"start":{"line":3,"column":16},"end":{"line":3,"column":39}},"3":{"start":{"line":4,"column":2},"end":{"line":4,"column":24}},"4":{"start":{"line":6,"column":2},"end":{"line":36,"column":3}},"5":{"start":{"line":8,"column":6},"end":{"line":8,"column":19}},"6":{"start":{"line":9,"column":6},"end":{"line":9,"column":51}},"7":{"start":{"line":9,"column":39},"end":{"line":9,"column":49}},"8":{"start":{"line":10,"column":6},"end":{"line":10,"column":12}},"9":{"start":{"line":12,"column":6},"end":{"line":12,"column":19}},"10":{"start":{"line":13,"column":6},"end":{"line":13,"column":51}},"11":{"start":{"line":13,"column":39},"end":{"line":13,"column":49}},"12":{"start":{"line":14,"column":6},"end":{"line":14,"column":12}},"13":{"start":{"line":16,"column":6},"end":{"line":16,"column":19}},"14":{"start":{"line":17,"column":6},"end":{"line":17,"column":32}},"15":{"start":{"line":18,"column":6},"end":{"line":18,"column":12}},"16":{"start":{"line":20,"column":6},"end":{"line":20,"column":19}},"17":{"start":{"line":21,"column":6},"end":{"line":21,"column":34}},"18":{"start":{"line":22,"column":6},"end":{"line":22,"column":12}},"19":{"start":{"line":24,"column":6},"end":{"line":24,"column":19}},"20":{"start":{"line":25,"column":6},"end":{"line":25,"column":33}},"21":{"start":{"line":26,"column":6},"end":{"line":26,"column":12}},"22":{"start":{"line":28,"column":6},"end":{"line":28,"column":19}},"23":{"start":{"line":29,"column":6},"end":{"line":29,"column":32}},"24":{"start":{"line":30,"column":6},"end":{"line":30,"column":12}},"25":{"start":{"line":32,"column":6},"end":{"line":32,"column":19}},"26":{"start":{"line":33,"column":6},"end":{"line":33,"column":41}},"27":{"start":{"line":35,"column":6},"end":{"line":35,"column":12}},"28":{"start":{"line":37,"column":2},"end":{"line":37,"column":39}},"29":{"start":{"line":40,"column":0},"end":{"line":40,"column":30}}},"fnMap":{"0":{"name":"(anonymous_0)","decl":{"start":{"line":1,"column":21},"end":{"line":1,"column":22}},"loc":{"start":{"line":1,"column":46},"end":{"line":38,"column":1}},"line":1},"1":{"name":"(anonymous_1)","decl":{"start":{"line":9,"column":31},"end":{"line":9,"column":32}},"loc":{"start":{"line":9,"column":39},"end":{"line":9,"column":49}},"line":9},"2":{"name":"(anonymous_2)","decl":{"start":{"line":13,"column":31},"end":{"line":13,"column":32}},"loc":{"start":{"line":13,"column":39},"end":{"line":13,"column":49}},"line":13}},"branchMap":{"0":{"loc":{"start":{"line":6,"column":2},"end":{"line":36,"column":3}},"type":"switch","locations":[{"start":{"line":7,"column":4},"end":{"line":10,"column":12}},{"start":{"line":11,"column":4},"end":{"line":14,"column":12}},{"start":{"line":15,"column":4},"end":{"line":18,"column":12}},{"start":{"line":19,"column":4},"end":{"line":22,"column":12}},{"start":{"line":23,"column":4},"end":{"line":26,"column":12}},{"start":{"line":27,"column":4},"end":{"line":30,"column":12}},{"start":{"line":31,"column":4},"end":{"line":33,"column":41}},{"start":{"line":34,"column":4},"end":{"line":35,"column":12}}],"line":6}},"s":{"0":4,"1":39,"2":39,"3":39,"4":39,"5":15,"6":15,"7":16,"8":15,"9":1,"10":1,"11":1,"12":1,"13":2,"14":2,"15":2,"16":5,"17":5,"18":5,"19":6,"20":6,"21":6,"22":8,"23":8,"24":8,"25":2,"26":2,"27":2,"28":39,"29":4},"f":{"0":39,"1":16,"2":1},"b":{"0":[15,1,2,5,6,8,2,2]},"_coverageSchema":"1a1c01bbd47fc00a2c39e90264f33305004495a9","hash":"3c274db07c7ac3cfaaa10ca06a5d0a01d8475ddc"}
,"D:\\Mystick\\Works\\OpenProject\\2023\\code\\javascript\\safer\\server\\services\\app\\models\\index.js": {"path":"D:\\Mystick\\Works\\OpenProject\\2023\\code\\javascript\\safer\\server\\services\\app\\models\\index.js","statementMap":{"0":{"start":{"line":3,"column":11},"end":{"line":3,"column":24}},"1":{"start":{"line":4,"column":13},"end":{"line":4,"column":28}},"2":{"start":{"line":5,"column":18},"end":{"line":5,"column":38}},"3":{"start":{"line":6,"column":16},"end":{"line":6,"column":34}},"4":{"start":{"line":7,"column":17},"end":{"line":7,"column":42}},"5":{"start":{"line":8,"column":12},"end":{"line":8,"column":49}},"6":{"start":{"line":9,"column":15},"end":{"line":9,"column":65}},"7":{"start":{"line":10,"column":11},"end":{"line":10,"column":13}},"8":{"start":{"line":13,"column":0},"end":{"line":17,"column":1}},"9":{"start":{"line":14,"column":2},"end":{"line":14,"column":74}},"10":{"start":{"line":16,"column":2},"end":{"line":16,"column":87}},"11":{"start":{"line":19,"column":0},"end":{"line":32,"column":5}},"12":{"start":{"line":22,"column":4},"end":{"line":27,"column":6}},"13":{"start":{"line":30,"column":18},"end":{"line":30,"column":85}},"14":{"start":{"line":31,"column":4},"end":{"line":31,"column":27}},"15":{"start":{"line":34,"column":0},"end":{"line":38,"column":3}},"16":{"start":{"line":35,"column":2},"end":{"line":37,"column":3}},"17":{"start":{"line":36,"column":4},"end":{"line":36,"column":32}},"18":{"start":{"line":40,"column":0},"end":{"line":40,"column":25}},"19":{"start":{"line":41,"column":0},"end":{"line":41,"column":25}},"20":{"start":{"line":43,"column":0},"end":{"line":43,"column":20}}},"fnMap":{"0":{"name":"(anonymous_0)","decl":{"start":{"line":21,"column":10},"end":{"line":21,"column":11}},"loc":{"start":{"line":21,"column":18},"end":{"line":28,"column":3}},"line":21},"1":{"name":"(anonymous_1)","decl":{"start":{"line":29,"column":11},"end":{"line":29,"column":12}},"loc":{"start":{"line":29,"column":19},"end":{"line":32,"column":3}},"line":29},"2":{"name":"(anonymous_2)","decl":{"start":{"line":34,"column":24},"end":{"line":34,"column":25}},"loc":{"start":{"line":34,"column":37},"end":{"line":38,"column":1}},"line":34}},"branchMap":{"0":{"loc":{"start":{"line":8,"column":12},"end":{"line":8,"column":49}},"type":"binary-expr","locations":[{"start":{"line":8,"column":12},"end":{"line":8,"column":32}},{"start":{"line":8,"column":36},"end":{"line":8,"column":49}}],"line":8},"1":{"loc":{"start":{"line":13,"column":0},"end":{"line":17,"column":1}},"type":"if","locations":[{"start":{"line":13,"column":0},"end":{"line":17,"column":1}},{"start":{"line":15,"column":7},"end":{"line":17,"column":1}}],"line":13},"2":{"loc":{"start":{"line":23,"column":6},"end":{"line":26,"column":37}},"type":"binary-expr","locations":[{"start":{"line":23,"column":6},"end":{"line":23,"column":29}},{"start":{"line":24,"column":6},"end":{"line":24,"column":23}},{"start":{"line":25,"column":6},"end":{"line":25,"column":30}},{"start":{"line":26,"column":6},"end":{"line":26,"column":37}}],"line":23},"3":{"loc":{"start":{"line":35,"column":2},"end":{"line":37,"column":3}},"type":"if","locations":[{"start":{"line":35,"column":2},"end":{"line":37,"column":3}},{"start":{},"end":{}}],"line":35}},"s":{"0":4,"1":4,"2":4,"3":4,"4":4,"5":4,"6":4,"7":4,"8":4,"9":0,"10":4,"11":4,"12":20,"13":16,"14":16,"15":4,"16":16,"17":16,"18":4,"19":4,"20":4},"f":{"0":20,"1":16,"2":16},"b":{"0":[4,0],"1":[0,4],"2":[20,20,16,16],"3":[16,0]},"_coverageSchema":"1a1c01bbd47fc00a2c39e90264f33305004495a9","hash":"51181618d79cee53776c965596919e7a8f3900d2"}
,"D:\\Mystick\\Works\\OpenProject\\2023\\code\\javascript\\safer\\server\\services\\app\\models\\report.js": {"path":"D:\\Mystick\\Works\\OpenProject\\2023\\code\\javascript\\safer\\server\\services\\app\\models\\report.js","statementMap":{"0":{"start":{"line":2,"column":18},"end":{"line":2,"column":38}},"1":{"start":{"line":3,"column":0},"end":{"line":79,"column":2}},"2":{"start":{"line":11,"column":6},"end":{"line":11,"column":36}},"3":{"start":{"line":12,"column":6},"end":{"line":12,"column":36}},"4":{"start":{"line":13,"column":6},"end":{"line":13,"column":34}},"5":{"start":{"line":17,"column":2},"end":{"line":77,"column":4}},"6":{"start":{"line":78,"column":2},"end":{"line":78,"column":16}}},"fnMap":{"0":{"name":"(anonymous_0)","decl":{"start":{"line":3,"column":17},"end":{"line":3,"column":18}},"loc":{"start":{"line":3,"column":43},"end":{"line":79,"column":1}},"line":3},"1":{"name":"(anonymous_1)","decl":{"start":{"line":10,"column":4},"end":{"line":10,"column":5}},"loc":{"start":{"line":10,"column":29},"end":{"line":15,"column":5}},"line":10}},"branchMap":{},"s":{"0":4,"1":4,"2":4,"3":4,"4":4,"5":4,"6":4},"f":{"0":4,"1":4},"b":{},"_coverageSchema":"1a1c01bbd47fc00a2c39e90264f33305004495a9","hash":"b9220d4a93a789213add65e6c83b01c7cdfd72bd"}
,"D:\\Mystick\\Works\\OpenProject\\2023\\code\\javascript\\safer\\server\\services\\app\\models\\type.js": {"path":"D:\\Mystick\\Works\\OpenProject\\2023\\code\\javascript\\safer\\server\\services\\app\\models\\type.js","statementMap":{"0":{"start":{"line":2,"column":18},"end":{"line":2,"column":38}},"1":{"start":{"line":3,"column":0},"end":{"line":32,"column":2}},"2":{"start":{"line":12,"column":6},"end":{"line":12,"column":60}},"3":{"start":{"line":15,"column":2},"end":{"line":30,"column":4}},"4":{"start":{"line":31,"column":2},"end":{"line":31,"column":14}}},"fnMap":{"0":{"name":"(anonymous_0)","decl":{"start":{"line":3,"column":17},"end":{"line":3,"column":18}},"loc":{"start":{"line":3,"column":43},"end":{"line":32,"column":1}},"line":3},"1":{"name":"(anonymous_1)","decl":{"start":{"line":10,"column":4},"end":{"line":10,"column":5}},"loc":{"start":{"line":10,"column":29},"end":{"line":13,"column":5}},"line":10}},"branchMap":{},"s":{"0":4,"1":4,"2":4,"3":4,"4":4},"f":{"0":4,"1":4},"b":{},"_coverageSchema":"1a1c01bbd47fc00a2c39e90264f33305004495a9","hash":"e1ca0c74e6c677a2a9234d31e69143d381b6cc95"}
,"D:\\Mystick\\Works\\OpenProject\\2023\\code\\javascript\\safer\\server\\services\\app\\models\\user.js": {"path":"D:\\Mystick\\Works\\OpenProject\\2023\\code\\javascript\\safer\\server\\services\\app\\models\\user.js","statementMap":{"0":{"start":{"line":2,"column":25},"end":{"line":2,"column":53}},"1":{"start":{"line":3,"column":18},"end":{"line":3,"column":38}},"2":{"start":{"line":4,"column":0},"end":{"line":79,"column":2}},"3":{"start":{"line":12,"column":6},"end":{"line":12,"column":34}},"4":{"start":{"line":13,"column":6},"end":{"line":13,"column":32}},"5":{"start":{"line":17,"column":2},"end":{"line":74,"column":4}},"6":{"start":{"line":75,"column":2},"end":{"line":77,"column":5}},"7":{"start":{"line":76,"column":4},"end":{"line":76,"column":48}},"8":{"start":{"line":78,"column":2},"end":{"line":78,"column":14}}},"fnMap":{"0":{"name":"(anonymous_0)","decl":{"start":{"line":4,"column":17},"end":{"line":4,"column":18}},"loc":{"start":{"line":4,"column":43},"end":{"line":79,"column":1}},"line":4},"1":{"name":"(anonymous_1)","decl":{"start":{"line":11,"column":4},"end":{"line":11,"column":5}},"loc":{"start":{"line":11,"column":29},"end":{"line":15,"column":5}},"line":11},"2":{"name":"(anonymous_2)","decl":{"start":{"line":75,"column":20},"end":{"line":75,"column":21}},"loc":{"start":{"line":75,"column":30},"end":{"line":77,"column":3}},"line":75}},"branchMap":{},"s":{"0":4,"1":4,"2":4,"3":4,"4":4,"5":4,"6":4,"7":7,"8":4},"f":{"0":4,"1":4,"2":7},"b":{},"_coverageSchema":"1a1c01bbd47fc00a2c39e90264f33305004495a9","hash":"4a47b676890ad322b67609c4c3f98f1b6b2d4a17"}
,"D:\\Mystick\\Works\\OpenProject\\2023\\code\\javascript\\safer\\server\\services\\app\\models\\vote.js": {"path":"D:\\Mystick\\Works\\OpenProject\\2023\\code\\javascript\\safer\\server\\services\\app\\models\\vote.js","statementMap":{"0":{"start":{"line":2,"column":18},"end":{"line":2,"column":38}},"1":{"start":{"line":3,"column":0},"end":{"line":62,"column":2}},"2":{"start":{"line":12,"column":6},"end":{"line":12,"column":60}},"3":{"start":{"line":13,"column":6},"end":{"line":13,"column":64}},"4":{"start":{"line":16,"column":2},"end":{"line":60,"column":4}},"5":{"start":{"line":61,"column":2},"end":{"line":61,"column":14}}},"fnMap":{"0":{"name":"(anonymous_0)","decl":{"start":{"line":3,"column":17},"end":{"line":3,"column":18}},"loc":{"start":{"line":3,"column":43},"end":{"line":62,"column":1}},"line":3},"1":{"name":"(anonymous_1)","decl":{"start":{"line":10,"column":4},"end":{"line":10,"column":5}},"loc":{"start":{"line":10,"column":29},"end":{"line":14,"column":5}},"line":10}},"branchMap":{},"s":{"0":4,"1":4,"2":4,"3":4,"4":4,"5":4},"f":{"0":4,"1":4},"b":{},"_coverageSchema":"1a1c01bbd47fc00a2c39e90264f33305004495a9","hash":"71ac746d3662a5c867dd7174d5408171de998023"}
,"D:\\Mystick\\Works\\OpenProject\\2023\\code\\javascript\\safer\\server\\services\\app\\routes\\index.js": {"path":"D:\\Mystick\\Works\\OpenProject\\2023\\code\\javascript\\safer\\server\\services\\app\\routes\\index.js","statementMap":{"0":{"start":{"line":1,"column":15},"end":{"line":1,"column":42}},"1":{"start":{"line":2,"column":18},"end":{"line":2,"column":40}},"2":{"start":{"line":3,"column":20},"end":{"line":3,"column":44}},"3":{"start":{"line":4,"column":18},"end":{"line":4,"column":40}},"4":{"start":{"line":5,"column":18},"end":{"line":5,"column":40}},"5":{"start":{"line":7,"column":0},"end":{"line":7,"column":27}},"6":{"start":{"line":8,"column":0},"end":{"line":8,"column":36}},"7":{"start":{"line":9,"column":0},"end":{"line":9,"column":32}},"8":{"start":{"line":10,"column":0},"end":{"line":10,"column":32}},"9":{"start":{"line":12,"column":0},"end":{"line":12,"column":24}}},"fnMap":{},"branchMap":{},"s":{"0":4,"1":4,"2":4,"3":4,"4":4,"5":4,"6":4,"7":4,"8":4,"9":4},"f":{},"b":{},"_coverageSchema":"1a1c01bbd47fc00a2c39e90264f33305004495a9","hash":"634cf84f2c60a34f0ff17b0cb3a54af248dd3b29"}
,"D:\\Mystick\\Works\\OpenProject\\2023\\code\\javascript\\safer\\server\\services\\app\\routes\\reportRoute.js": {"path":"D:\\Mystick\\Works\\OpenProject\\2023\\code\\javascript\\safer\\server\\services\\app\\routes\\reportRoute.js","statementMap":{"0":{"start":{"line":1,"column":15},"end":{"line":1,"column":42}},"1":{"start":{"line":2,"column":25},"end":{"line":2,"column":67}},"2":{"start":{"line":3,"column":23},"end":{"line":3,"column":62}},"3":{"start":{"line":5,"column":0},"end":{"line":5,"column":48}},"4":{"start":{"line":6,"column":0},"end":{"line":6,"column":51}},"5":{"start":{"line":7,"column":0},"end":{"line":7,"column":27}},"6":{"start":{"line":8,"column":0},"end":{"line":8,"column":46}},"7":{"start":{"line":10,"column":0},"end":{"line":10,"column":24}}},"fnMap":{},"branchMap":{},"s":{"0":4,"1":4,"2":4,"3":4,"4":4,"5":4,"6":4,"7":4},"f":{},"b":{},"_coverageSchema":"1a1c01bbd47fc00a2c39e90264f33305004495a9","hash":"15680df9e961fc1bb19a6913cb14d4a90abfd785"}
,"D:\\Mystick\\Works\\OpenProject\\2023\\code\\javascript\\safer\\server\\services\\app\\routes\\typeRoute.js": {"path":"D:\\Mystick\\Works\\OpenProject\\2023\\code\\javascript\\safer\\server\\services\\app\\routes\\typeRoute.js","statementMap":{"0":{"start":{"line":1,"column":15},"end":{"line":1,"column":42}},"1":{"start":{"line":2,"column":23},"end":{"line":2,"column":63}},"2":{"start":{"line":4,"column":0},"end":{"line":4,"column":44}},"3":{"start":{"line":5,"column":0},"end":{"line":5,"column":42}},"4":{"start":{"line":7,"column":0},"end":{"line":7,"column":24}}},"fnMap":{},"branchMap":{},"s":{"0":4,"1":4,"2":4,"3":4,"4":4},"f":{},"b":{},"_coverageSchema":"1a1c01bbd47fc00a2c39e90264f33305004495a9","hash":"6dc994e88caf40001c3b02630241c3108370834d"}
,"D:\\Mystick\\Works\\OpenProject\\2023\\code\\javascript\\safer\\server\\services\\app\\routes\\userRoute.js": {"path":"D:\\Mystick\\Works\\OpenProject\\2023\\code\\javascript\\safer\\server\\services\\app\\routes\\userRoute.js","statementMap":{"0":{"start":{"line":1,"column":15},"end":{"line":1,"column":42}},"1":{"start":{"line":2,"column":23},"end":{"line":2,"column":63}},"2":{"start":{"line":3,"column":32},"end":{"line":3,"column":70}},"3":{"start":{"line":5,"column":0},"end":{"line":5,"column":54}},"4":{"start":{"line":6,"column":0},"end":{"line":6,"column":48}},"5":{"start":{"line":7,"column":0},"end":{"line":7,"column":53}},"6":{"start":{"line":9,"column":0},"end":{"line":9,"column":24}}},"fnMap":{},"branchMap":{},"s":{"0":4,"1":4,"2":4,"3":4,"4":4,"5":4,"6":4},"f":{},"b":{},"_coverageSchema":"1a1c01bbd47fc00a2c39e90264f33305004495a9","hash":"688a0ab90c34569e1e0a03ff71047f0aa42281c0"}
,"D:\\Mystick\\Works\\OpenProject\\2023\\code\\javascript\\safer\\server\\services\\app\\routes\\voteRoute.js": {"path":"D:\\Mystick\\Works\\OpenProject\\2023\\code\\javascript\\safer\\server\\services\\app\\routes\\voteRoute.js","statementMap":{"0":{"start":{"line":1,"column":15},"end":{"line":1,"column":42}},"1":{"start":{"line":2,"column":23},"end":{"line":2,"column":63}},"2":{"start":{"line":3,"column":23},"end":{"line":3,"column":62}},"3":{"start":{"line":4,"column":32},"end":{"line":4,"column":70}},"4":{"start":{"line":6,"column":0},"end":{"line":6,"column":41}},"5":{"start":{"line":7,"column":0},"end":{"line":7,"column":27}},"6":{"start":{"line":8,"column":0},"end":{"line":8,"column":42}},"7":{"start":{"line":9,"column":0},"end":{"line":9,"column":68}},"8":{"start":{"line":10,"column":0},"end":{"line":10,"column":71}},"9":{"start":{"line":12,"column":0},"end":{"line":12,"column":24}}},"fnMap":{},"branchMap":{},"s":{"0":4,"1":4,"2":4,"3":4,"4":4,"5":4,"6":4,"7":4,"8":4,"9":4},"f":{},"b":{},"_coverageSchema":"1a1c01bbd47fc00a2c39e90264f33305004495a9","hash":"c58c18c345bbfee46d94dd9e0a3ac1c72ee2850f"}
}
