TN:
SF:app.js
FNF:0
FNH:0
DA:1,4
DA:2,4
DA:3,4
DA:4,4
DA:5,4
DA:7,4
DA:9,4
DA:10,4
DA:11,4
DA:13,4
DA:14,4
DA:16,4
LF:12
LH:12
BRF:0
BRH:0
end_of_record
TN:
SF:controllers\reportController.js
FN:5,(anonymous_0)
FN:55,(anonymous_1)
FN:69,(anonymous_2)
FNF:3
FNH:3
FNDA:7,(anonymous_0)
FNDA:1,(anonymous_1)
FNDA:2,(anonymous_2)
DA:1,4
DA:2,4
DA:6,7
DA:7,7
DA:17,7
DA:18,7
DA:20,7
DA:21,7
DA:22,3
DA:24,4
DA:25,4
DA:26,1
DA:29,3
DA:30,3
DA:46,1
DA:47,1
DA:48,1
DA:50,6
DA:51,6
DA:56,1
DA:57,1
DA:61,1
DA:62,1
DA:64,0
DA:65,0
DA:70,2
DA:71,2
DA:72,2
DA:75,2
DA:76,1
DA:78,1
DA:81,1
DA:82,1
DA:87,4
LF:34
LH:32
BRDA:21,0,0,3
BRDA:21,0,1,4
BRDA:21,1,0,7
BRDA:21,1,1,6
BRDA:21,1,2,5
BRDA:25,2,0,1
BRDA:25,2,1,3
BRDA:75,3,0,1
BRDA:75,3,1,1
BRF:9
BRH:9
end_of_record
TN:
SF:controllers\typeController.js
FN:4,(anonymous_0)
FN:22,(anonymous_1)
FNF:2
FNH:2
FNDA:6,(anonymous_0)
FNDA:1,(anonymous_1)
DA:1,4
DA:5,6
DA:6,6
DA:7,6
DA:8,6
DA:9,2
DA:11,4
DA:12,1
DA:14,5
DA:15,5
DA:18,0
DA:23,1
DA:24,1
DA:27,1
DA:29,0
DA:34,4
LF:16
LH:14
BRDA:8,0,0,2
BRDA:8,0,1,4
BRDA:8,1,0,6
BRDA:8,1,1,4
BRF:4
BRH:4
end_of_record
TN:
SF:controllers\userController.js
FN:6,(anonymous_0)
FN:32,(anonymous_1)
FN:71,(anonymous_2)
FNF:3
FNH:3
FNDA:11,(anonymous_0)
FNDA:3,(anonymous_1)
FNDA:2,(anonymous_2)
DA:1,4
DA:2,4
DA:3,4
DA:7,11
DA:8,11
DA:9,11
DA:10,11
DA:21,2
DA:22,1
DA:24,1
DA:25,1
DA:27,10
DA:28,10
DA:33,3
DA:34,3
DA:35,3
DA:36,0
DA:39,3
DA:44,3
DA:45,1
DA:48,2
DA:49,2
DA:50,1
DA:54,1
DA:58,1
DA:59,1
DA:66,2
DA:67,2
DA:72,2
DA:73,2
DA:74,2
DA:75,2
DA:76,1
DA:78,1
DA:80,1
DA:81,1
DA:86,4
LF:37
LH:36
BRDA:21,0,0,1
BRDA:21,0,1,1
BRDA:21,1,0,2
BRDA:21,1,1,1
BRDA:35,2,0,0
BRDA:35,2,1,3
BRDA:35,3,0,3
BRDA:35,3,1,3
BRDA:44,4,0,1
BRDA:44,4,1,2
BRDA:49,5,0,1
BRDA:49,5,1,1
BRDA:75,6,0,1
BRDA:75,6,1,1
BRF:14
BRH:13
end_of_record
TN:
SF:controllers\voteController.js
FN:5,(anonymous_0)
FN:17,(anonymous_1)
FN:34,(anonymous_2)
FN:102,(anonymous_3)
FN:134,(anonymous_4)
FNF:5
FNH:4
FNDA:1,(anonymous_0)
FNDA:1,(anonymous_1)
FNDA:8,(anonymous_2)
FNDA:3,(anonymous_3)
FNDA:0,(anonymous_4)
DA:1,4
DA:2,4
DA:6,1
DA:7,1
DA:11,1
DA:13,0
DA:18,1
DA:19,1
DA:20,1
DA:21,1
DA:24,1
DA:25,0
DA:27,1
DA:30,0
DA:35,8
DA:36,8
DA:37,8
DA:39,8
DA:40,0
DA:43,8
DA:44,1
DA:47,7
DA:48,7
DA:49,2
DA:52,5
DA:53,5
DA:54,1
DA:59,4
DA:64,4
DA:65,2
DA:70,2
DA:78,1
DA:82,1
DA:83,0
DA:95,1
DA:97,7
DA:98,7
DA:103,3
DA:104,3
DA:105,3
DA:106,3
DA:107,3
DA:108,1
DA:111,2
DA:123,1
DA:124,1
DA:125,0
DA:127,1
DA:130,2
DA:135,0
DA:136,0
DA:137,0
DA:143,0
DA:144,0
DA:146,0
DA:149,0
DA:154,4
LF:57
LH:44
BRDA:24,0,0,0
BRDA:24,0,1,1
BRDA:39,1,0,0
BRDA:39,1,1,8
BRDA:43,2,0,1
BRDA:43,2,1,7
BRDA:43,3,0,8
BRDA:43,3,1,1
BRDA:48,4,0,2
BRDA:48,4,1,5
BRDA:53,5,0,1
BRDA:53,5,1,4
BRDA:64,6,0,2
BRDA:64,6,1,2
BRDA:82,7,0,0
BRDA:82,7,1,1
BRDA:107,8,0,1
BRDA:107,8,1,2
BRDA:107,9,0,3
BRDA:107,9,1,1
BRDA:124,10,0,0
BRDA:124,10,1,1
BRDA:143,11,0,0
BRDA:143,11,1,0
BRF:24
BRH:18
end_of_record
TN:
SF:helpers\bcrypt.js
FN:4,(anonymous_0)
FN:8,(anonymous_1)
FNF:2
FNH:2
FNDA:8,(anonymous_0)
FNDA:2,(anonymous_1)
DA:1,4
DA:2,4
DA:4,4
DA:5,8
DA:8,4
DA:9,2
DA:12,4
LF:7
LH:7
BRF:0
BRH:0
end_of_record
TN:
SF:helpers\geocoder.js
FN:3,(anonymous_0)
FNF:1
FNH:1
FNDA:3,(anonymous_0)
DA:1,4
DA:3,4
DA:4,3
DA:7,3
DA:8,3
DA:18,0
DA:20,3
DA:24,4
LF:8
LH:7
BRF:0
BRH:0
end_of_record
TN:
SF:helpers\jwt.js
FN:4,(anonymous_0)
FN:8,(anonymous_1)
FNF:2
FNH:2
FNDA:3,(anonymous_0)
FNDA:28,(anonymous_1)
DA:1,4
DA:2,4
DA:4,4
DA:5,3
DA:8,4
DA:9,28
DA:12,4
LF:7
LH:7
BRDA:2,0,0,4
BRDA:2,0,1,0
BRF:2
BRH:1
end_of_record
TN:
SF:middleware\authentication.js
FN:4,(anonymous_0)
FNF:1
FNH:1
FNDA:32,(anonymous_0)
DA:1,4
DA:2,4
DA:4,4
DA:5,32
DA:6,32
DA:8,32
DA:9,4
DA:11,28
DA:12,24
DA:18,24
DA:19,0
DA:21,24
DA:26,24
DA:28,8
DA:29,8
DA:30,8
DA:34,4
LF:17
LH:16
BRDA:8,0,0,4
BRDA:8,0,1,28
BRDA:18,1,0,0
BRDA:18,1,1,24
BRF:4
BRH:3
end_of_record
TN:
SF:middleware\authorization.js
FN:3,(anonymous_0)
FNF:1
FNH:1
FNDA:9,(anonymous_0)
DA:1,4
DA:3,4
DA:4,9
DA:5,9
DA:7,9
DA:8,9
DA:10,9
DA:11,9
DA:12,2
DA:13,7
DA:14,2
DA:16,5
DA:17,5
DA:18,1
DA:22,4
DA:26,5
DA:30,4
LF:17
LH:17
BRDA:11,0,0,2
BRDA:11,0,1,7
BRDA:13,1,0,2
BRDA:13,1,1,5
BRDA:17,2,0,1
BRDA:17,2,1,4
BRF:6
BRH:6
end_of_record
TN:
SF:middleware\errorHandler.js
FN:1,(anonymous_0)
FN:9,(anonymous_1)
FN:13,(anonymous_2)
FNF:3
FNH:3
FNDA:47,(anonymous_0)
FNDA:15,(anonymous_1)
FNDA:2,(anonymous_2)
DA:1,4
DA:2,47
DA:3,47
DA:4,47
DA:6,47
DA:8,14
DA:9,15
DA:10,14
DA:12,2
DA:13,2
DA:14,2
DA:16,2
DA:17,2
DA:18,2
DA:20,7
DA:21,7
DA:22,7
DA:24,1
DA:25,1
DA:26,1
DA:28,8
DA:29,8
DA:30,8
DA:32,8
DA:33,8
DA:34,8
DA:36,5
DA:37,5
DA:38,5
DA:40,47
DA:43,4
LF:31
LH:31
BRDA:6,0,0,14
BRDA:6,0,1,2
BRDA:6,0,2,2
BRDA:6,0,3,7
BRDA:6,0,4,1
BRDA:6,0,5,8
BRDA:6,0,6,8
BRDA:6,0,7,5
BRF:8
BRH:8
end_of_record
TN:
SF:models\index.js
FN:21,(anonymous_0)
FN:29,(anonymous_1)
FN:34,(anonymous_2)
FNF:3
FNH:3
FNDA:20,(anonymous_0)
FNDA:16,(anonymous_1)
FNDA:16,(anonymous_2)
DA:3,4
DA:4,4
DA:5,4
DA:6,4
DA:7,4
DA:8,4
DA:9,4
DA:10,4
DA:13,4
DA:14,0
DA:16,4
DA:19,4
DA:22,20
DA:30,16
DA:31,16
DA:34,4
DA:35,16
DA:36,16
DA:40,4
DA:41,4
DA:43,4
LF:21
LH:20
BRDA:8,0,0,4
BRDA:8,0,1,0
BRDA:13,1,0,0
BRDA:13,1,1,4
BRDA:23,2,0,20
BRDA:23,2,1,20
BRDA:23,2,2,16
BRDA:23,2,3,16
BRDA:35,3,0,16
BRDA:35,3,1,0
BRF:10
BRH:7
end_of_record
TN:
SF:models\report.js
FN:3,(anonymous_0)
FN:10,(anonymous_1)
FNF:2
FNH:2
FNDA:4,(anonymous_0)
FNDA:4,(anonymous_1)
DA:2,4
DA:3,4
DA:11,4
DA:12,4
DA:13,4
DA:17,4
DA:78,4
LF:7
LH:7
BRF:0
BRH:0
end_of_record
TN:
SF:models\type.js
FN:3,(anonymous_0)
FN:10,(anonymous_1)
FNF:2
FNH:2
FNDA:4,(anonymous_0)
FNDA:4,(anonymous_1)
DA:2,4
DA:3,4
DA:12,4
DA:15,4
DA:32,4
LF:5
LH:5
BRF:0
BRH:0
end_of_record
TN:
SF:models\user.js
FN:4,(anonymous_0)
FN:11,(anonymous_1)
FN:75,(anonymous_2)
FNF:3
FNH:3
FNDA:4,(anonymous_0)
FNDA:4,(anonymous_1)
FNDA:8,(anonymous_2)
DA:2,4
DA:3,4
DA:4,4
DA:12,4
DA:13,4
DA:17,4
DA:75,4
DA:76,8
DA:78,4
LF:9
LH:9
BRF:0
BRH:0
end_of_record
TN:
SF:models\vote.js
FN:3,(anonymous_0)
FN:10,(anonymous_1)
FNF:2
FNH:2
FNDA:4,(anonymous_0)
FNDA:4,(anonymous_1)
DA:2,4
DA:3,4
DA:12,4
DA:13,4
DA:16,4
DA:56,4
LF:6
LH:6
BRF:0
BRH:0
end_of_record
TN:
SF:routes\index.js
FNF:0
FNH:0
DA:1,4
DA:2,4
DA:3,4
DA:4,4
DA:5,4
DA:7,4
DA:8,4
DA:9,4
DA:10,4
DA:12,4
LF:10
LH:10
BRF:0
BRH:0
end_of_record
TN:
SF:routes\reportRoute.js
FNF:0
FNH:0
DA:1,4
DA:2,4
DA:3,4
DA:5,4
DA:6,4
DA:7,4
DA:8,4
DA:10,4
LF:8
LH:8
BRF:0
BRH:0
end_of_record
TN:
SF:routes\typeRoute.js
FNF:0
FNH:0
DA:1,4
DA:2,4
DA:4,4
DA:5,4
DA:7,4
LF:5
LH:5
BRF:0
BRH:0
end_of_record
TN:
SF:routes\userRoute.js
FNF:0
FNH:0
DA:1,4
DA:2,4
DA:3,4
DA:5,4
DA:6,4
DA:7,4
DA:9,4
LF:7
LH:7
BRF:0
BRH:0
end_of_record
TN:
SF:routes\voteRoute.js
FNF:0
FNH:0
DA:1,4
DA:2,4
DA:3,4
DA:4,4
DA:6,4
DA:7,4
DA:8,4
DA:9,4
DA:10,4
DA:12,4
LF:10
LH:10
BRF:0
BRH:0
end_of_record
