TN:
SF:app.js
FNF:0
FNH:0
DA:1,4
DA:2,4
DA:3,4
DA:4,4
DA:5,4
DA:7,4
DA:9,4
DA:10,4
DA:11,4
DA:13,4
DA:14,4
DA:16,4
LF:12
LH:12
BRF:0
BRH:0
end_of_record
TN:
SF:controllers\reportController.js
FN:5,(anonymous_0)
FN:51,(anonymous_1)
FN:65,(anonymous_2)
FNF:3
FNH:3
FNDA:6,(anonymous_0)
FNDA:1,(anonymous_1)
FNDA:2,(anonymous_2)
DA:1,4
DA:2,4
DA:6,6
DA:16,6
DA:17,6
DA:18,6
DA:19,6
DA:20,6
DA:21,6
DA:37,1
DA:38,1
DA:39,1
DA:41,5
DA:42,5
DA:43,5
DA:46,0
DA:47,0
DA:52,1
DA:53,1
DA:57,1
DA:58,1
DA:60,0
DA:61,0
DA:66,2
DA:67,2
DA:68,2
DA:71,2
DA:72,1
DA:74,1
DA:77,1
DA:78,1
DA:83,4
LF:32
LH:28
BRDA:71,0,0,1
BRDA:71,0,1,1
BRF:2
BRH:2
end_of_record
TN:
SF:controllers\typeController.js
FN:4,(anonymous_0)
FN:24,(anonymous_1)
FNF:2
FNH:2
FNDA:1,(anonymous_0)
FNDA:1,(anonymous_1)
DA:1,4
DA:5,1
DA:6,1
DA:7,1
DA:8,1
DA:9,0
DA:11,1
DA:12,1
DA:13,1
DA:15,0
DA:16,0
DA:19,0
DA:20,0
DA:25,1
DA:26,1
DA:29,1
DA:30,1
DA:32,0
DA:33,0
DA:38,4
LF:20
LH:13
BRDA:8,0,0,0
BRDA:8,0,1,1
BRF:2
BRH:1
end_of_record
TN:
SF:controllers\userController.js
FN:6,(anonymous_0)
FN:28,(anonymous_1)
FN:69,(anonymous_2)
FNF:3
FNH:3
FNDA:13,(anonymous_0)
FNDA:3,(anonymous_1)
FNDA:2,(anonymous_2)
DA:1,4
DA:2,4
DA:3,4
DA:7,13
DA:8,13
DA:9,13
DA:10,3
DA:12,10
DA:20,1
DA:21,1
DA:23,12
DA:24,12
DA:29,3
DA:30,3
DA:31,3
DA:32,0
DA:34,3
DA:35,0
DA:37,3
DA:42,3
DA:43,1
DA:46,2
DA:47,2
DA:48,1
DA:52,1
DA:56,1
DA:57,1
DA:64,2
DA:65,2
DA:70,2
DA:71,2
DA:72,2
DA:73,2
DA:74,1
DA:76,1
DA:78,1
DA:79,1
DA:84,4
LF:38
LH:36
BRDA:9,0,0,3
BRDA:9,0,1,10
BRDA:9,1,0,13
BRDA:9,1,1,3
BRDA:31,2,0,0
BRDA:31,2,1,3
BRDA:34,3,0,0
BRDA:34,3,1,3
BRDA:42,4,0,1
BRDA:42,4,1,2
BRDA:47,5,0,1
BRDA:47,5,1,1
BRDA:73,6,0,1
BRDA:73,6,1,1
BRF:14
BRH:12
end_of_record
TN:
SF:controllers\voteController.js
FN:5,(anonymous_0)
FN:17,(anonymous_1)
FN:35,(anonymous_2)
FN:104,(anonymous_3)
FN:136,(anonymous_4)
FNF:5
FNH:4
FNDA:1,(anonymous_0)
FNDA:1,(anonymous_1)
FNDA:5,(anonymous_2)
FNDA:3,(anonymous_3)
FNDA:0,(anonymous_4)
DA:1,4
DA:2,4
DA:6,1
DA:7,1
DA:11,1
DA:13,0
DA:18,1
DA:19,1
DA:20,1
DA:21,1
DA:24,1
DA:25,0
DA:27,1
DA:30,0
DA:31,0
DA:36,5
DA:37,5
DA:38,5
DA:40,5
DA:41,5
DA:42,1
DA:45,4
DA:46,1
DA:49,3
DA:50,3
DA:51,1
DA:54,2
DA:55,2
DA:56,0
DA:61,2
DA:66,2
DA:67,0
DA:72,2
DA:80,1
DA:84,1
DA:85,0
DA:97,1
DA:99,4
DA:100,4
DA:105,3
DA:106,3
DA:107,3
DA:108,3
DA:109,3
DA:110,1
DA:113,2
DA:125,1
DA:126,1
DA:127,0
DA:129,1
DA:132,2
DA:137,0
DA:138,0
DA:139,0
DA:145,0
DA:146,0
DA:148,0
DA:151,0
DA:152,0
DA:157,4
LF:60
LH:44
BRDA:24,0,0,0
BRDA:24,0,1,1
BRDA:41,1,0,1
BRDA:41,1,1,4
BRDA:45,2,0,1
BRDA:45,2,1,3
BRDA:45,3,0,4
BRDA:45,3,1,1
BRDA:50,4,0,1
BRDA:50,4,1,2
BRDA:55,5,0,0
BRDA:55,5,1,2
BRDA:66,6,0,0
BRDA:66,6,1,2
BRDA:84,7,0,0
BRDA:84,7,1,1
BRDA:109,8,0,1
BRDA:109,8,1,2
BRDA:109,9,0,3
BRDA:109,9,1,1
BRDA:126,10,0,0
BRDA:126,10,1,1
BRDA:145,11,0,0
BRDA:145,11,1,0
BRF:24
BRH:17
end_of_record
TN:
SF:helpers\bcrypt.js
FN:4,(anonymous_0)
FN:8,(anonymous_1)
FNF:2
FNH:2
FNDA:7,(anonymous_0)
FNDA:2,(anonymous_1)
DA:1,4
DA:2,4
DA:4,4
DA:5,7
DA:8,4
DA:9,2
DA:12,4
LF:7
LH:7
BRF:0
BRH:0
end_of_record
TN:
SF:helpers\geocoder.js
FN:3,(anonymous_0)
FNF:1
FNH:1
FNDA:6,(anonymous_0)
DA:1,4
DA:3,4
DA:4,6
DA:7,6
DA:8,6
DA:18,0
DA:20,6
DA:24,4
LF:8
LH:7
BRF:0
BRH:0
end_of_record
TN:
SF:helpers\jwt.js
FN:4,(anonymous_0)
FN:8,(anonymous_1)
FNF:2
FNH:2
FNDA:3,(anonymous_0)
FNDA:23,(anonymous_1)
DA:1,4
DA:2,4
DA:4,4
DA:5,3
DA:8,4
DA:9,23
DA:12,4
LF:7
LH:7
BRDA:2,0,0,4
BRDA:2,0,1,0
BRF:2
BRH:1
end_of_record
TN:
SF:middleware\authentication.js
FN:4,(anonymous_0)
FNF:1
FNH:1
FNDA:27,(anonymous_0)
DA:1,4
DA:2,4
DA:4,4
DA:5,27
DA:6,27
DA:8,27
DA:9,4
DA:11,23
DA:12,19
DA:18,19
DA:19,0
DA:21,19
DA:26,19
DA:28,8
DA:29,8
DA:30,8
DA:34,4
LF:17
LH:16
BRDA:8,0,0,4
BRDA:8,0,1,23
BRDA:18,1,0,0
BRDA:18,1,1,19
BRF:4
BRH:3
end_of_record
TN:
SF:middleware\authorization.js
FN:3,(anonymous_0)
FNF:1
FNH:1
FNDA:8,(anonymous_0)
DA:1,4
DA:3,4
DA:4,8
DA:5,8
DA:7,8
DA:8,8
DA:10,8
DA:11,8
DA:12,2
DA:13,6
DA:14,2
DA:16,4
DA:20,4
DA:24,4
LF:14
LH:14
BRDA:11,0,0,2
BRDA:11,0,1,6
BRDA:13,1,0,2
BRDA:13,1,1,4
BRF:4
BRH:4
end_of_record
TN:
SF:middleware\errorHandler.js
FN:1,(anonymous_0)
FN:9,(anonymous_1)
FN:13,(anonymous_2)
FNF:3
FNH:3
FNDA:39,(anonymous_0)
FNDA:16,(anonymous_1)
FNDA:1,(anonymous_2)
DA:1,4
DA:2,39
DA:3,39
DA:4,39
DA:6,39
DA:8,15
DA:9,16
DA:10,15
DA:12,1
DA:13,1
DA:14,1
DA:16,2
DA:17,2
DA:18,2
DA:20,5
DA:21,5
DA:22,5
DA:24,6
DA:25,6
DA:26,6
DA:28,8
DA:29,8
DA:30,8
DA:32,2
DA:33,2
DA:35,2
DA:37,39
DA:40,4
LF:28
LH:28
BRDA:6,0,0,15
BRDA:6,0,1,1
BRDA:6,0,2,2
BRDA:6,0,3,5
BRDA:6,0,4,6
BRDA:6,0,5,8
BRDA:6,0,6,2
BRDA:6,0,7,2
BRF:8
BRH:8
end_of_record
TN:
SF:models\index.js
FN:21,(anonymous_0)
FN:29,(anonymous_1)
FN:34,(anonymous_2)
FNF:3
FNH:3
FNDA:20,(anonymous_0)
FNDA:16,(anonymous_1)
FNDA:16,(anonymous_2)
DA:3,4
DA:4,4
DA:5,4
DA:6,4
DA:7,4
DA:8,4
DA:9,4
DA:10,4
DA:13,4
DA:14,0
DA:16,4
DA:19,4
DA:22,20
DA:30,16
DA:31,16
DA:34,4
DA:35,16
DA:36,16
DA:40,4
DA:41,4
DA:43,4
LF:21
LH:20
BRDA:8,0,0,4
BRDA:8,0,1,0
BRDA:13,1,0,0
BRDA:13,1,1,4
BRDA:23,2,0,20
BRDA:23,2,1,20
BRDA:23,2,2,16
BRDA:23,2,3,16
BRDA:35,3,0,16
BRDA:35,3,1,0
BRF:10
BRH:7
end_of_record
TN:
SF:models\report.js
FN:3,(anonymous_0)
FN:10,(anonymous_1)
FNF:2
FNH:2
FNDA:4,(anonymous_0)
FNDA:4,(anonymous_1)
DA:2,4
DA:3,4
DA:11,4
DA:12,4
DA:13,4
DA:17,4
DA:78,4
LF:7
LH:7
BRF:0
BRH:0
end_of_record
TN:
SF:models\type.js
FN:3,(anonymous_0)
FN:10,(anonymous_1)
FNF:2
FNH:2
FNDA:4,(anonymous_0)
FNDA:4,(anonymous_1)
DA:2,4
DA:3,4
DA:12,4
DA:15,4
DA:31,4
LF:5
LH:5
BRF:0
BRH:0
end_of_record
TN:
SF:models\user.js
FN:4,(anonymous_0)
FN:11,(anonymous_1)
FN:75,(anonymous_2)
FNF:3
FNH:3
FNDA:4,(anonymous_0)
FNDA:4,(anonymous_1)
FNDA:7,(anonymous_2)
DA:2,4
DA:3,4
DA:4,4
DA:12,4
DA:13,4
DA:17,4
DA:75,4
DA:76,7
DA:78,4
LF:9
LH:9
BRF:0
BRH:0
end_of_record
TN:
SF:models\vote.js
FN:3,(anonymous_0)
FN:10,(anonymous_1)
FNF:2
FNH:2
FNDA:4,(anonymous_0)
FNDA:4,(anonymous_1)
DA:2,4
DA:3,4
DA:12,4
DA:13,4
DA:16,4
DA:61,4
LF:6
LH:6
BRF:0
BRH:0
end_of_record
TN:
SF:routes\index.js
FNF:0
FNH:0
DA:1,4
DA:2,4
DA:3,4
DA:4,4
DA:5,4
DA:7,4
DA:8,4
DA:9,4
DA:10,4
DA:12,4
LF:10
LH:10
BRF:0
BRH:0
end_of_record
TN:
SF:routes\reportRoute.js
FNF:0
FNH:0
DA:1,4
DA:2,4
DA:3,4
DA:5,4
DA:6,4
DA:7,4
DA:8,4
DA:10,4
LF:8
LH:8
BRF:0
BRH:0
end_of_record
TN:
SF:routes\typeRoute.js
FNF:0
FNH:0
DA:1,4
DA:2,4
DA:4,4
DA:5,4
DA:7,4
LF:5
LH:5
BRF:0
BRH:0
end_of_record
TN:
SF:routes\userRoute.js
FNF:0
FNH:0
DA:1,4
DA:2,4
DA:3,4
DA:5,4
DA:6,4
DA:7,4
DA:9,4
LF:7
LH:7
BRF:0
BRH:0
end_of_record
TN:
SF:routes\voteRoute.js
FNF:0
FNH:0
DA:1,4
DA:2,4
DA:3,4
DA:4,4
DA:6,4
DA:7,4
DA:8,4
DA:9,4
DA:10,4
DA:12,4
LF:10
LH:10
BRF:0
BRH:0
end_of_record
